2022-12-29 10:15:08,954 INFO org.springframework.boot.StartupInfoLogger [main] Starting Application using Java 11.0.16.1 on macpro-6186 with PID 931 (/Users/ttierney/Code/marklogic-entity-viewer-1.1.1.war started by ttierney in /Users/ttierney/Code/entity-viewer)
2022-12-29 10:15:08,956 INFO org.springframework.boot.SpringApplication [main] No active profile set, falling back to 1 default profile: "default"
2022-12-29 10:15:09,787 INFO org.apache.juli.logging.DirectJDKLog [main] Initializing ProtocolHandler ["http-nio-8080"]
2022-12-29 10:15:09,787 INFO org.apache.juli.logging.DirectJDKLog [main] Starting service [Tomcat]
2022-12-29 10:15:09,787 INFO org.apache.juli.logging.DirectJDKLog [main] Starting Servlet engine: [Apache Tomcat/9.0.63]
2022-12-29 10:15:10,486 INFO org.apache.juli.logging.DirectJDKLog [main] Initializing Spring embedded WebApplicationContext
2022-12-29 10:15:10,606 INFO com.marklogic.v1.HubCentral [main] Will connect to MarkLogic host: localhost
2022-12-29 10:15:10,607 INFO com.marklogic.v1.HubCentral [main] Hub Central is available at port: 8080
2022-12-29 10:15:11,013 INFO org.apache.juli.logging.DirectJDKLog [main] Starting ProtocolHandler ["http-nio-8080"]
2022-12-29 10:15:11,042 INFO org.springframework.boot.StartupInfoLogger [main] Started Application in 2.408 seconds (JVM running for 2.738)
2022-12-29 10:15:11,069 INFO com.marklogic.v1.InstallEntityViewerModules [main] Loading Modules
2022-12-29 10:15:11,200 INFO com.marklogic.v1.InstallEntityViewerModules [main] Loading modules from explore-data/data-services/ml-exp-search/ directory to load into entity-viewer-search-modules database
2022-12-29 10:15:12,397 INFO com.marklogic.v1.InstallEntityViewerModules [main] File /explore-data/data-services/ml-exp-search/getUserMetaData.sjs loaded
2022-12-29 10:15:12,401 INFO com.marklogic.v1.InstallEntityViewerModules [main] File /explore-data/data-services/ml-exp-search/saveUserMetaData.api loaded
2022-12-29 10:15:12,407 INFO com.marklogic.v1.InstallEntityViewerModules [main] File /explore-data/data-services/ml-exp-search/getRecentlyVisitedRecords.api loaded
2022-12-29 10:15:12,410 INFO com.marklogic.v1.InstallEntityViewerModules [main] File /explore-data/data-services/ml-exp-search/getMetrics.api loaded
2022-12-29 10:15:12,415 INFO com.marklogic.v1.InstallEntityViewerModules [main] File /explore-data/data-services/ml-exp-search/getEntityModels.sjs loaded
2022-12-29 10:15:12,421 INFO com.marklogic.v1.InstallEntityViewerModules [main] File /explore-data/data-services/ml-exp-search/getRecords.api loaded
2022-12-29 10:15:12,425 INFO com.marklogic.v1.InstallEntityViewerModules [main] File /explore-data/data-services/ml-exp-search/searchAndTransform.api loaded
2022-12-29 10:15:12,430 INFO com.marklogic.v1.InstallEntityViewerModules [main] File /explore-data/data-services/ml-exp-search/saveRecentlyVisitedRecord.sjs loaded
2022-12-29 10:15:12,434 INFO com.marklogic.v1.InstallEntityViewerModules [main] File /explore-data/data-services/ml-exp-search/getEntityModels.api loaded
2022-12-29 10:15:12,438 INFO com.marklogic.v1.InstallEntityViewerModules [main] File /explore-data/data-services/ml-exp-search/getUiConfig.api loaded
2022-12-29 10:15:12,442 INFO com.marklogic.v1.InstallEntityViewerModules [main] File /explore-data/data-services/ml-exp-search/getRecentlyVisitedRecords.sjs loaded
2022-12-29 10:15:12,446 INFO com.marklogic.v1.InstallEntityViewerModules [main] File /explore-data/data-services/ml-exp-search/getMetrics.sjs loaded
2022-12-29 10:15:12,450 INFO com.marklogic.v1.InstallEntityViewerModules [main] File /explore-data/data-services/ml-exp-search/service.json loaded
2022-12-29 10:15:12,454 INFO com.marklogic.v1.InstallEntityViewerModules [main] File /explore-data/data-services/ml-exp-search/getRecords.sjs loaded
2022-12-29 10:15:12,460 INFO com.marklogic.v1.InstallEntityViewerModules [main] File /explore-data/data-services/ml-exp-search/getUserMetaData.api loaded
2022-12-29 10:15:12,465 INFO com.marklogic.v1.InstallEntityViewerModules [main] File /explore-data/data-services/ml-exp-search/saveUserMetaData.sjs loaded
2022-12-29 10:15:12,469 INFO com.marklogic.v1.InstallEntityViewerModules [main] File /explore-data/data-services/ml-exp-search/getUiConfig.sjs loaded
2022-12-29 10:15:12,473 INFO com.marklogic.v1.InstallEntityViewerModules [main] File /explore-data/data-services/ml-exp-search/saveRecentlyVisitedRecord.api loaded
2022-12-29 10:15:12,476 INFO com.marklogic.v1.InstallEntityViewerModules [main] File /explore-data/data-services/ml-exp-search/searchAndTransform.sjs loaded
2022-12-29 10:15:12,477 INFO com.marklogic.v1.InstallEntityViewerModules [main] Loading modules from explore-data/ml-search-lib/ directory to load into entity-viewer-search-modules database
2022-12-29 10:15:12,482 INFO com.marklogic.v1.InstallEntityViewerModules [main] File /explore-data/ml-search-lib/search-impl.xqy loaded
2022-12-29 10:15:12,487 INFO com.marklogic.v1.InstallEntityViewerModules [main] File /explore-data/ml-search-lib/search.sjs loaded
2022-12-29 10:15:12,488 INFO com.marklogic.v1.InstallEntityViewerModules [main] Loading modules from explore-data/third-party/fast-xml-parser/ directory to load into entity-viewer-search-modules database
2022-12-29 10:15:12,492 INFO com.marklogic.v1.InstallEntityViewerModules [main] File /explore-data/third-party/fast-xml-parser/parser.d.ts loaded
2022-12-29 10:15:12,501 INFO com.marklogic.v1.InstallEntityViewerModules [main] File /explore-data/third-party/fast-xml-parser/validator.js loaded
2022-12-29 10:15:12,507 INFO com.marklogic.v1.InstallEntityViewerModules [main] File /explore-data/third-party/fast-xml-parser/node2json_str.js loaded
2022-12-29 10:15:12,511 INFO com.marklogic.v1.InstallEntityViewerModules [main] File /explore-data/third-party/fast-xml-parser/parser.js loaded
2022-12-29 10:15:12,516 INFO com.marklogic.v1.InstallEntityViewerModules [main] File /explore-data/third-party/fast-xml-parser/read.js loaded
2022-12-29 10:15:12,519 INFO com.marklogic.v1.InstallEntityViewerModules [main] File /explore-data/third-party/fast-xml-parser/xmlNode.js loaded
2022-12-29 10:15:12,525 INFO com.marklogic.v1.InstallEntityViewerModules [main] File /explore-data/third-party/fast-xml-parser/nimndata.js loaded
2022-12-29 10:15:12,528 INFO com.marklogic.v1.InstallEntityViewerModules [main] File /explore-data/third-party/fast-xml-parser/node2json.js loaded
2022-12-29 10:15:12,535 INFO com.marklogic.v1.InstallEntityViewerModules [main] File /explore-data/third-party/fast-xml-parser/xmlstr2xmlnode.js loaded
2022-12-29 10:15:12,540 INFO com.marklogic.v1.InstallEntityViewerModules [main] File /explore-data/third-party/fast-xml-parser/json2xml.js loaded
2022-12-29 10:15:12,545 INFO com.marklogic.v1.InstallEntityViewerModules [main] File /explore-data/third-party/fast-xml-parser/util.js loaded
2022-12-29 10:15:12,545 INFO com.marklogic.v1.InstallEntityViewerModules [main] Loading modules from explore-data/search-lib/ directory to load into entity-viewer-search-modules database
2022-12-29 10:15:12,839 INFO com.marklogic.v1.InstallEntityViewerModules [main] File /explore-data/search-lib/configurable-search-lib.sjs already exists. Not overriding the file
2022-12-29 10:15:12,839 INFO com.marklogic.v1.InstallEntityViewerModules [main] Loading modules from explore-data/ui-config/ directory to load into entity-viewer-search-modules database
2022-12-29 10:15:12,843 INFO com.marklogic.v1.InstallEntityViewerModules [main] File /explore-data/ui-config/api.config.sjs already exists. Not overriding the file
2022-12-29 10:15:12,846 INFO com.marklogic.v1.InstallEntityViewerModules [main] File /explore-data/ui-config/dashboard.config.sjs already exists. Not overriding the file
2022-12-29 10:15:12,849 INFO com.marklogic.v1.InstallEntityViewerModules [main] File /explore-data/ui-config/searchbox.config.sjs already exists. Not overriding the file
2022-12-29 10:15:12,850 INFO com.marklogic.v1.InstallEntityViewerModules [main] File /explore-data/ui-config/header.config.sjs already exists. Not overriding the file
2022-12-29 10:15:12,853 INFO com.marklogic.v1.InstallEntityViewerModules [main] File /explore-data/ui-config/search.config.sjs already exists. Not overriding the file
2022-12-29 10:15:12,856 INFO com.marklogic.v1.InstallEntityViewerModules [main] File /explore-data/ui-config/detail.config.sjs already exists. Not overriding the file
2022-12-29 10:15:12,856 INFO com.marklogic.v1.InstallEntityViewerModules [main] Loading Modules complete
2022-12-29 10:15:12,856 INFO com.marklogic.v1.InstallEntityViewerModules [main] Loading Example Modules
2022-12-29 10:15:12,857 INFO com.marklogic.v1.InstallEntityViewerModules [main] Adding modules from explore-data/examples/ml-search-lib/ directory to load into entity-viewer-search-modules database
2022-12-29 10:15:12,864 INFO com.marklogic.v1.InstallEntityViewerModules [main] File /explore-data/ml-search-lib/search.sjs loaded
2022-12-29 10:15:12,864 INFO com.marklogic.v1.InstallEntityViewerModules [main] Adding modules from explore-data/examples/options/ directory to load into entity-viewer-search-modules database
2022-12-29 10:15:12,869 INFO com.marklogic.v1.InstallEntityViewerModules [main] File /explore-data/options/search-options.xml loaded
2022-12-29 10:15:12,869 INFO com.marklogic.v1.InstallEntityViewerModules [main] Loading Example Modules complete
2022-12-29 10:15:35,678 INFO org.apache.juli.logging.DirectJDKLog [http-nio-8080-exec-1] Initializing Spring DispatcherServlet 'dispatcherServlet'
2022-12-29 10:15:36,033 INFO com.marklogic.v1.controllers.ExploreDataController [http-nio-8080-exec-7] Forwarding the request to http://localhost:8080/api/explore/login
2022-12-29 10:15:36,079 INFO com.marklogic.v1.auth.AuthenticationFilter [http-nio-8080-exec-10] Created client for host: localhost
2022-12-29 10:16:26,302 INFO com.marklogic.v1.controllers.ExploreDataController [http-nio-8080-exec-4] Forwarding the request to http://localhost:8080/api/explore/login
2022-12-29 10:16:26,324 INFO com.marklogic.v1.auth.AuthenticationFilter [http-nio-8080-exec-7] Created client for host: localhost
2022-12-29 10:17:01,868 INFO com.marklogic.v1.controllers.ExploreDataController [http-nio-8080-exec-6] Forwarding the request to http://localhost:8080/api/explore/login
2022-12-29 10:17:01,912 INFO com.marklogic.v1.auth.AuthenticationFilter [http-nio-8080-exec-8] Created client for host: localhost
2022-12-29 10:17:20,260 INFO com.marklogic.v1.controllers.ExploreDataController [http-nio-8080-exec-7] Forwarding the request to http://localhost:8080/api/explore/login
2022-12-29 10:17:20,284 INFO com.marklogic.v1.auth.AuthenticationFilter [http-nio-8080-exec-6] Created client for host: localhost
2022-12-29 10:17:25,674 INFO com.marklogic.v1.controllers.ExploreDataController [http-nio-8080-exec-4] Forwarding the request to http://localhost:8080/api/explore/login
2022-12-29 10:17:25,702 INFO com.marklogic.v1.auth.AuthenticationFilter [http-nio-8080-exec-10] Created client for host: localhost
2022-12-29 10:18:41,489 INFO com.marklogic.v1.controllers.ExploreDataController [http-nio-8080-exec-5] Forwarding the request to http://localhost:8080/api/explore/login
2022-12-29 10:18:41,509 INFO com.marklogic.v1.auth.AuthenticationFilter [http-nio-8080-exec-3] Created client for host: localhost
2022-12-29 10:19:11,124 INFO com.marklogic.v1.controllers.ExploreDataController [http-nio-8080-exec-6] Forwarding the request to http://localhost:8080/api/explore/login
2022-12-29 10:19:11,143 INFO com.marklogic.v1.auth.AuthenticationFilter [http-nio-8080-exec-10] Created client for host: localhost
2022-12-29 10:20:52,222 INFO com.marklogic.v1.controllers.ExploreDataController [http-nio-8080-exec-8] Forwarding the request to http://localhost:8080/api/explore/login
2022-12-29 10:20:52,246 INFO com.marklogic.v1.auth.AuthenticationFilter [http-nio-8080-exec-5] Created client for host: localhost
2022-12-29 10:21:12,301 INFO com.marklogic.v1.controllers.ExploreDataController [http-nio-8080-exec-1] Forwarding the request to http://localhost:8080/api/explore/login
2022-12-29 10:21:12,321 INFO com.marklogic.v1.auth.AuthenticationFilter [http-nio-8080-exec-4] Created client for host: localhost
2022-12-29 10:21:21,071 INFO com.marklogic.v1.controllers.ExploreDataController [http-nio-8080-exec-9] Forwarding the request to http://localhost:8080/api/explore/login
2022-12-29 10:21:21,093 INFO com.marklogic.v1.auth.AuthenticationFilter [http-nio-8080-exec-1] Created client for host: localhost
2022-12-29 10:22:13,028 INFO com.marklogic.v1.controllers.ExploreDataController [http-nio-8080-exec-7] Forwarding the request to http://localhost:8080/api/explore/login
2022-12-29 10:22:13,111 INFO com.marklogic.v1.auth.AuthenticationFilter [http-nio-8080-exec-2] Created client for host: localhost
2022-12-29 10:22:18,390 INFO com.marklogic.v1.controllers.ExploreDataController [http-nio-8080-exec-10] Forwarding the request to http://localhost:8080/api/explore/login
2022-12-29 10:22:18,476 INFO com.marklogic.v1.auth.AuthenticationFilter [http-nio-8080-exec-6] Created client for host: localhost
2022-12-29 10:24:13,643 INFO com.marklogic.v1.controllers.ExploreDataController [http-nio-8080-exec-5] Forwarding the request to http://localhost:8080/api/explore/login
2022-12-29 10:24:13,667 INFO com.marklogic.v1.auth.AuthenticationFilter [http-nio-8080-exec-1] Created client for host: localhost
2022-12-29 10:26:46,659 INFO com.marklogic.v1.controllers.ExploreDataController [http-nio-8080-exec-9] Forwarding the request to http://localhost:8080/api/explore/login
2022-12-29 10:26:46,688 INFO com.marklogic.v1.auth.AuthenticationFilter [http-nio-8080-exec-1] Created client for host: localhost
2022-12-29 10:26:51,559 INFO com.marklogic.v1.controllers.ExploreDataController [http-nio-8080-exec-7] Forwarding the request to http://localhost:8080/api/explore/login
2022-12-29 10:26:51,578 INFO com.marklogic.v1.auth.AuthenticationFilter [http-nio-8080-exec-4] Created client for host: localhost
2022-12-29 10:28:36,145 INFO com.marklogic.v1.controllers.ExploreDataController [http-nio-8080-exec-5] Forwarding the request to http://localhost:8080/api/explore/login
2022-12-29 10:28:36,169 INFO com.marklogic.v1.auth.AuthenticationFilter [http-nio-8080-exec-7] Created client for host: localhost
2022-12-29 10:31:23,179 INFO com.marklogic.v1.controllers.ExploreDataController [http-nio-8080-exec-1] Forwarding the request to http://localhost:8080/api/explore/login
2022-12-29 10:31:23,204 INFO com.marklogic.v1.auth.AuthenticationFilter [http-nio-8080-exec-2] Created client for host: localhost
2022-12-29 10:35:38,395 INFO com.marklogic.v1.controllers.ExploreDataController [http-nio-8080-exec-3] Forwarding the request to http://localhost:8080/api/explore/login
2022-12-29 10:35:38,417 INFO com.marklogic.v1.auth.AuthenticationFilter [http-nio-8080-exec-8] Created client for host: localhost
2022-12-29 10:40:09,356 INFO com.marklogic.v1.controllers.ExploreDataController [http-nio-8080-exec-10] Forwarding the request to http://localhost:8080/api/explore/login
2022-12-29 10:40:09,430 INFO com.marklogic.v1.auth.AuthenticationFilter [http-nio-8080-exec-3] Created client for host: localhost
2022-12-29 10:45:31,042 INFO com.marklogic.v1.controllers.ExploreDataController [http-nio-8080-exec-10] Forwarding the request to http://localhost:8080/api/explore/login
2022-12-29 10:45:31,074 INFO com.marklogic.v1.auth.AuthenticationFilter [http-nio-8080-exec-6] Created client for host: localhost
2022-12-29 10:45:48,296 INFO com.marklogic.v1.controllers.ExploreDataController [http-nio-8080-exec-10] Forwarding the request to http://localhost:8080/api/explore/login
2022-12-29 10:45:48,334 INFO com.marklogic.v1.auth.AuthenticationFilter [http-nio-8080-exec-4] Created client for host: localhost
2022-12-29 10:46:12,751 INFO com.marklogic.v1.controllers.ExploreDataController [http-nio-8080-exec-3] Forwarding the request to http://localhost:8080/api/explore/login
2022-12-29 10:46:12,806 INFO com.marklogic.v1.auth.AuthenticationFilter [http-nio-8080-exec-4] Created client for host: localhost
2022-12-29 10:46:47,198 INFO com.marklogic.v1.controllers.ExploreDataController [http-nio-8080-exec-9] Forwarding the request to http://localhost:8080/api/explore/login
2022-12-29 10:46:47,240 INFO com.marklogic.v1.auth.AuthenticationFilter [http-nio-8080-exec-2] Created client for host: localhost
2022-12-29 10:49:15,175 INFO com.marklogic.v1.controllers.ExploreDataController [http-nio-8080-exec-10] Forwarding the request to http://localhost:8080/api/explore/login
2022-12-29 10:49:15,207 INFO com.marklogic.v1.auth.AuthenticationFilter [http-nio-8080-exec-6] Created client for host: localhost
2022-12-29 10:51:24,037 INFO com.marklogic.v1.controllers.ExploreDataController [http-nio-8080-exec-6] Forwarding the request to http://localhost:8080/api/explore/login
2022-12-29 10:51:24,069 INFO com.marklogic.v1.auth.AuthenticationFilter [http-nio-8080-exec-2] Created client for host: localhost
2022-12-29 10:51:25,952 INFO com.marklogic.v1.controllers.ExploreDataController [http-nio-8080-exec-8] Forwarding the request to http://localhost:8080/api/explore/login
2022-12-29 10:51:25,987 INFO com.marklogic.v1.auth.AuthenticationFilter [http-nio-8080-exec-5] Created client for host: localhost
2022-12-29 10:51:38,420 INFO com.marklogic.v1.controllers.ExploreDataController [http-nio-8080-exec-3] Forwarding the request to http://localhost:8080/api/explore/login
2022-12-29 10:51:38,442 INFO com.marklogic.v1.auth.AuthenticationFilter [http-nio-8080-exec-5] Created client for host: localhost
2022-12-29 11:07:51,303 INFO com.marklogic.v1.controllers.ExploreDataController [http-nio-8080-exec-1] Forwarding the request to http://localhost:8080/api/explore/login
2022-12-29 11:07:51,327 INFO com.marklogic.v1.auth.AuthenticationFilter [http-nio-8080-exec-5] Created client for host: localhost
2022-12-29 11:26:38,981 INFO com.marklogic.v1.controllers.ExploreDataController [http-nio-8080-exec-8] Forwarding the request to http://localhost:8080/api/explore/login
2022-12-29 11:26:39,003 INFO com.marklogic.v1.auth.AuthenticationFilter [http-nio-8080-exec-9] Created client for host: localhost
2022-12-29 11:30:19,478 INFO com.marklogic.v1.controllers.ExploreDataController [http-nio-8080-exec-2] Forwarding the request to http://localhost:8080/api/explore/login
2022-12-29 11:30:19,501 INFO com.marklogic.v1.auth.AuthenticationFilter [http-nio-8080-exec-5] Created client for host: localhost
2022-12-29 11:30:29,640 INFO com.marklogic.v1.controllers.ExploreDataController [http-nio-8080-exec-8] Forwarding the request to http://localhost:8080/api/explore/login
2022-12-29 11:30:29,668 INFO com.marklogic.v1.auth.AuthenticationFilter [http-nio-8080-exec-3] Created client for host: localhost
2022-12-29 11:30:33,945 INFO com.marklogic.v1.controllers.ExploreDataController [http-nio-8080-exec-7] Forwarding the request to http://localhost:8080/api/explore/login
2022-12-29 11:30:33,975 INFO com.marklogic.v1.auth.AuthenticationFilter [http-nio-8080-exec-4] Created client for host: localhost
2022-12-29 11:31:57,225 INFO com.marklogic.v1.controllers.ExploreDataController [http-nio-8080-exec-3] Forwarding the request to http://localhost:8080/api/explore/login
2022-12-29 11:31:57,245 INFO com.marklogic.v1.auth.AuthenticationFilter [http-nio-8080-exec-5] Created client for host: localhost
2022-12-29 11:32:12,544 INFO com.marklogic.v1.controllers.ExploreDataController [http-nio-8080-exec-8] Forwarding the request to http://localhost:8080/api/explore/login
2022-12-29 11:32:12,564 INFO com.marklogic.v1.auth.AuthenticationFilter [http-nio-8080-exec-4] Created client for host: localhost
2022-12-29 11:32:25,043 INFO com.marklogic.v1.controllers.ExploreDataController [http-nio-8080-exec-10] Forwarding the request to http://localhost:8080/api/explore/login
2022-12-29 11:32:25,073 INFO com.marklogic.v1.auth.AuthenticationFilter [http-nio-8080-exec-5] Created client for host: localhost
2022-12-29 11:34:10,671 INFO com.marklogic.v1.controllers.ExploreDataController [http-nio-8080-exec-9] Forwarding the request to http://localhost:8080/api/explore/login
2022-12-29 11:34:10,696 INFO com.marklogic.v1.auth.AuthenticationFilter [http-nio-8080-exec-7] Created client for host: localhost
2022-12-29 11:34:56,578 INFO com.marklogic.v1.controllers.ExploreDataController [http-nio-8080-exec-1] Forwarding the request to http://localhost:8080/api/explore/login
2022-12-29 11:34:56,596 INFO com.marklogic.v1.auth.AuthenticationFilter [http-nio-8080-exec-3] Created client for host: localhost
2022-12-29 11:35:05,286 INFO com.marklogic.v1.controllers.ExploreDataController [http-nio-8080-exec-10] Forwarding the request to http://localhost:8080/api/explore/login
2022-12-29 11:35:05,316 INFO com.marklogic.v1.auth.AuthenticationFilter [http-nio-8080-exec-8] Created client for host: localhost
2022-12-29 11:35:25,123 INFO com.marklogic.v1.controllers.ExploreDataController [http-nio-8080-exec-6] Forwarding the request to http://localhost:8080/api/explore/login
2022-12-29 11:35:25,141 INFO com.marklogic.v1.auth.AuthenticationFilter [http-nio-8080-exec-5] Created client for host: localhost
2022-12-29 11:35:47,683 INFO com.marklogic.v1.controllers.ExploreDataController [http-nio-8080-exec-10] Forwarding the request to http://localhost:8080/api/explore/login
2022-12-29 11:35:47,704 INFO com.marklogic.v1.auth.AuthenticationFilter [http-nio-8080-exec-3] Created client for host: localhost
2022-12-29 11:36:34,391 INFO com.marklogic.v1.controllers.ExploreDataController [http-nio-8080-exec-2] Forwarding the request to http://localhost:8080/api/explore/login
2022-12-29 11:36:34,416 INFO com.marklogic.v1.auth.AuthenticationFilter [http-nio-8080-exec-1] Created client for host: localhost
2022-12-29 11:38:21,840 INFO com.marklogic.v1.controllers.ExploreDataController [http-nio-8080-exec-3] Forwarding the request to http://localhost:8080/api/explore/login
2022-12-29 11:38:21,860 INFO com.marklogic.v1.auth.AuthenticationFilter [http-nio-8080-exec-8] Created client for host: localhost
2022-12-29 11:38:22,961 ERROR com.marklogic.v1.exceptions.CustomExceptionHandler [http-nio-8080-exec-1] Local message: failed to POST at /explore-data/data-services/ml-exp-search/getUiConfig.sjs: Internal Server Error. Server Message: JS-JAVASCRIPT: Error running JavaScript request: SyntaxError: Unexpected token } . See the MarkLogic server error log for further detail.
com.marklogic.client.FailedRequestException: Local message: failed to POST at /explore-data/data-services/ml-exp-search/getUiConfig.sjs: Internal Server Error. Server Message: JS-JAVASCRIPT: Error running JavaScript request: SyntaxError: Unexpected token } . See the MarkLogic server error log for further detail.
	at com.marklogic.client.impl.OkHttpServices$CallRequestImpl.checkStatus(OkHttpServices.java:5757)
	at com.marklogic.client.impl.OkHttpServices$CallRequestImpl.executeRequest(OkHttpServices.java:5718)
	at com.marklogic.client.impl.OkHttpServices$CallRequestImpl.withDocumentResponse(OkHttpServices.java:5632)
	at com.marklogic.client.impl.BaseProxy$DBFunctionRequest.responseSingle(BaseProxy.java:904)
	at com.marklogic.v1.dataservices.ExploreDataService$1ExploreDataServiceImpl.getUiConfig(ExploreDataService.java:117)
	at com.marklogic.v1.dataservices.ExploreDataService$1ExploreDataServiceImpl.getUiConfig(ExploreDataService.java:111)
	at com.marklogic.v1.controllers.ExploreDataController.getUIConfig(ExploreDataController.java:89)
	at jdk.internal.reflect.GeneratedMethodAccessor61.invoke(Unknown Source)
	at java.base/jdk.internal.reflect.DelegatingMethodAccessorImpl.invoke(DelegatingMethodAccessorImpl.java:43)
	at java.base/java.lang.reflect.Method.invoke(Method.java:566)
	at org.springframework.web.method.support.InvocableHandlerMethod.doInvoke(InvocableHandlerMethod.java:205)
	at org.springframework.web.method.support.InvocableHandlerMethod.invokeForRequest(InvocableHandlerMethod.java:150)
	at org.springframework.web.servlet.mvc.method.annotation.ServletInvocableHandlerMethod.invokeAndHandle(ServletInvocableHandlerMethod.java:117)
	at org.springframework.web.servlet.mvc.method.annotation.RequestMappingHandlerAdapter.invokeHandlerMethod(RequestMappingHandlerAdapter.java:895)
	at org.springframework.web.servlet.mvc.method.annotation.RequestMappingHandlerAdapter.handleInternal(RequestMappingHandlerAdapter.java:808)
	at org.springframework.web.servlet.mvc.method.AbstractHandlerMethodAdapter.handle(AbstractHandlerMethodAdapter.java:87)
	at org.springframework.web.servlet.DispatcherServlet.doDispatch(DispatcherServlet.java:1067)
	at org.springframework.web.servlet.DispatcherServlet.doService(DispatcherServlet.java:963)
	at org.springframework.web.servlet.FrameworkServlet.processRequest(FrameworkServlet.java:1006)
	at org.springframework.web.servlet.FrameworkServlet.doGet(FrameworkServlet.java:898)
	at javax.servlet.http.HttpServlet.service(HttpServlet.java:655)
	at org.springframework.web.servlet.FrameworkServlet.service(FrameworkServlet.java:883)
	at javax.servlet.http.HttpServlet.service(HttpServlet.java:764)
	at org.apache.catalina.core.ApplicationFilterChain.internalDoFilter(ApplicationFilterChain.java:227)
	at org.apache.catalina.core.ApplicationFilterChain.doFilter(ApplicationFilterChain.java:162)
	at org.apache.tomcat.websocket.server.WsFilter.doFilter(WsFilter.java:53)
	at org.apache.catalina.core.ApplicationFilterChain.internalDoFilter(ApplicationFilterChain.java:189)
	at org.apache.catalina.core.ApplicationFilterChain.doFilter(ApplicationFilterChain.java:162)
	at org.springframework.web.filter.AbstractRequestLoggingFilter.doFilterInternal(AbstractRequestLoggingFilter.java:289)
	at org.springframework.web.filter.OncePerRequestFilter.doFilter(OncePerRequestFilter.java:117)
	at org.apache.catalina.core.ApplicationFilterChain.internalDoFilter(ApplicationFilterChain.java:189)
	at org.apache.catalina.core.ApplicationFilterChain.doFilter(ApplicationFilterChain.java:162)
	at org.springframework.security.web.FilterChainProxy$VirtualFilterChain.doFilter(FilterChainProxy.java:327)
	at org.springframework.security.web.access.intercept.FilterSecurityInterceptor.invoke(FilterSecurityInterceptor.java:115)
	at org.springframework.security.web.access.intercept.FilterSecurityInterceptor.doFilter(FilterSecurityInterceptor.java:81)
	at org.springframework.security.web.FilterChainProxy$VirtualFilterChain.doFilter(FilterChainProxy.java:336)
	at org.springframework.security.web.access.ExceptionTranslationFilter.doFilter(ExceptionTranslationFilter.java:122)
	at org.springframework.security.web.access.ExceptionTranslationFilter.doFilter(ExceptionTranslationFilter.java:116)
	at org.springframework.security.web.FilterChainProxy$VirtualFilterChain.doFilter(FilterChainProxy.java:336)
	at org.springframework.security.web.session.SessionManagementFilter.doFilter(SessionManagementFilter.java:126)
	at org.springframework.security.web.session.SessionManagementFilter.doFilter(SessionManagementFilter.java:81)
	at org.springframework.security.web.FilterChainProxy$VirtualFilterChain.doFilter(FilterChainProxy.java:336)
	at org.springframework.security.web.authentication.AnonymousAuthenticationFilter.doFilter(AnonymousAuthenticationFilter.java:109)
	at org.springframework.security.web.FilterChainProxy$VirtualFilterChain.doFilter(FilterChainProxy.java:336)
	at org.springframework.security.web.servletapi.SecurityContextHolderAwareRequestFilter.doFilter(SecurityContextHolderAwareRequestFilter.java:149)
	at org.springframework.security.web.FilterChainProxy$VirtualFilterChain.doFilter(FilterChainProxy.java:336)
	at org.springframework.security.web.savedrequest.RequestCacheAwareFilter.doFilter(RequestCacheAwareFilter.java:63)
	at org.springframework.security.web.FilterChainProxy$VirtualFilterChain.doFilter(FilterChainProxy.java:336)
	at org.springframework.security.web.authentication.AbstractAuthenticationProcessingFilter.doFilter(AbstractAuthenticationProcessingFilter.java:223)
	at org.springframework.security.web.authentication.AbstractAuthenticationProcessingFilter.doFilter(AbstractAuthenticationProcessingFilter.java:217)
	at org.springframework.security.web.FilterChainProxy$VirtualFilterChain.doFilter(FilterChainProxy.java:336)
	at org.springframework.security.web.authentication.logout.LogoutFilter.doFilter(LogoutFilter.java:103)
	at org.springframework.security.web.authentication.logout.LogoutFilter.doFilter(LogoutFilter.java:89)
	at org.springframework.security.web.FilterChainProxy$VirtualFilterChain.doFilter(FilterChainProxy.java:336)
	at org.springframework.security.web.header.HeaderWriterFilter.doHeadersAfter(HeaderWriterFilter.java:90)
	at org.springframework.security.web.header.HeaderWriterFilter.doFilterInternal(HeaderWriterFilter.java:75)
	at org.springframework.web.filter.OncePerRequestFilter.doFilter(OncePerRequestFilter.java:117)
	at org.springframework.security.web.FilterChainProxy$VirtualFilterChain.doFilter(FilterChainProxy.java:336)
	at org.springframework.security.web.context.SecurityContextPersistenceFilter.doFilter(SecurityContextPersistenceFilter.java:112)
	at org.springframework.security.web.context.SecurityContextPersistenceFilter.doFilter(SecurityContextPersistenceFilter.java:82)
	at org.springframework.security.web.FilterChainProxy$VirtualFilterChain.doFilter(FilterChainProxy.java:336)
	at org.springframework.security.web.context.request.async.WebAsyncManagerIntegrationFilter.doFilterInternal(WebAsyncManagerIntegrationFilter.java:55)
	at org.springframework.web.filter.OncePerRequestFilter.doFilter(OncePerRequestFilter.java:117)
	at org.springframework.security.web.FilterChainProxy$VirtualFilterChain.doFilter(FilterChainProxy.java:336)
	at org.springframework.security.web.session.DisableEncodeUrlFilter.doFilterInternal(DisableEncodeUrlFilter.java:42)
	at org.springframework.web.filter.OncePerRequestFilter.doFilter(OncePerRequestFilter.java:117)
	at org.springframework.security.web.FilterChainProxy$VirtualFilterChain.doFilter(FilterChainProxy.java:336)
	at org.springframework.security.web.FilterChainProxy.doFilterInternal(FilterChainProxy.java:211)
	at org.springframework.security.web.FilterChainProxy.doFilter(FilterChainProxy.java:183)
	at org.springframework.web.filter.DelegatingFilterProxy.invokeDelegate(DelegatingFilterProxy.java:354)
	at org.springframework.web.filter.DelegatingFilterProxy.doFilter(DelegatingFilterProxy.java:267)
	at org.apache.catalina.core.ApplicationFilterChain.internalDoFilter(ApplicationFilterChain.java:189)
	at org.apache.catalina.core.ApplicationFilterChain.doFilter(ApplicationFilterChain.java:162)
	at org.springframework.web.filter.RequestContextFilter.doFilterInternal(RequestContextFilter.java:100)
	at org.springframework.web.filter.OncePerRequestFilter.doFilter(OncePerRequestFilter.java:117)
	at org.apache.catalina.core.ApplicationFilterChain.internalDoFilter(ApplicationFilterChain.java:189)
	at org.apache.catalina.core.ApplicationFilterChain.doFilter(ApplicationFilterChain.java:162)
	at org.springframework.web.filter.FormContentFilter.doFilterInternal(FormContentFilter.java:93)
	at org.springframework.web.filter.OncePerRequestFilter.doFilter(OncePerRequestFilter.java:117)
	at org.apache.catalina.core.ApplicationFilterChain.internalDoFilter(ApplicationFilterChain.java:189)
	at org.apache.catalina.core.ApplicationFilterChain.doFilter(ApplicationFilterChain.java:162)
	at org.springframework.boot.actuate.metrics.web.servlet.WebMvcMetricsFilter.doFilterInternal(WebMvcMetricsFilter.java:96)
	at org.springframework.web.filter.OncePerRequestFilter.doFilter(OncePerRequestFilter.java:117)
	at org.apache.catalina.core.ApplicationFilterChain.internalDoFilter(ApplicationFilterChain.java:189)
	at org.apache.catalina.core.ApplicationFilterChain.doFilter(ApplicationFilterChain.java:162)
	at org.springframework.web.filter.CharacterEncodingFilter.doFilterInternal(CharacterEncodingFilter.java:201)
	at org.springframework.web.filter.OncePerRequestFilter.doFilter(OncePerRequestFilter.java:117)
	at org.apache.catalina.core.ApplicationFilterChain.internalDoFilter(ApplicationFilterChain.java:189)
	at org.apache.catalina.core.ApplicationFilterChain.doFilter(ApplicationFilterChain.java:162)
	at org.apache.catalina.core.StandardWrapperValve.invoke(StandardWrapperValve.java:197)
	at org.apache.catalina.core.StandardContextValve.invoke(StandardContextValve.java:97)
	at org.apache.catalina.authenticator.AuthenticatorBase.invoke(AuthenticatorBase.java:541)
	at org.apache.catalina.core.StandardHostValve.invoke(StandardHostValve.java:135)
	at org.apache.catalina.valves.ErrorReportValve.invoke(ErrorReportValve.java:92)
	at org.apache.catalina.core.StandardEngineValve.invoke(StandardEngineValve.java:78)
	at org.apache.catalina.connector.CoyoteAdapter.service(CoyoteAdapter.java:360)
	at org.apache.coyote.http11.Http11Processor.service(Http11Processor.java:399)
	at org.apache.coyote.AbstractProcessorLight.process(AbstractProcessorLight.java:65)
	at org.apache.coyote.AbstractProtocol$ConnectionHandler.process(AbstractProtocol.java:890)
	at org.apache.tomcat.util.net.NioEndpoint$SocketProcessor.doRun(NioEndpoint.java:1743)
	at org.apache.tomcat.util.net.SocketProcessorBase.run(SocketProcessorBase.java:49)
	at org.apache.tomcat.util.threads.ThreadPoolExecutor.runWorker(ThreadPoolExecutor.java:1191)
	at org.apache.tomcat.util.threads.ThreadPoolExecutor$Worker.run(ThreadPoolExecutor.java:659)
	at org.apache.tomcat.util.threads.TaskThread$WrappingRunnable.run(TaskThread.java:61)
	at java.base/java.lang.Thread.run(Thread.java:829)
2022-12-29 11:38:30,423 INFO com.marklogic.v1.controllers.ExploreDataController [http-nio-8080-exec-10] Forwarding the request to http://localhost:8080/api/explore/login
2022-12-29 11:38:30,442 INFO com.marklogic.v1.auth.AuthenticationFilter [http-nio-8080-exec-6] Created client for host: localhost
2022-12-29 11:38:30,481 ERROR com.marklogic.v1.exceptions.CustomExceptionHandler [http-nio-8080-exec-1] Local message: failed to POST at /explore-data/data-services/ml-exp-search/getUiConfig.sjs: Internal Server Error. Server Message: JS-JAVASCRIPT: Error running JavaScript request: SyntaxError: Unexpected token } . See the MarkLogic server error log for further detail.
com.marklogic.client.FailedRequestException: Local message: failed to POST at /explore-data/data-services/ml-exp-search/getUiConfig.sjs: Internal Server Error. Server Message: JS-JAVASCRIPT: Error running JavaScript request: SyntaxError: Unexpected token } . See the MarkLogic server error log for further detail.
	at com.marklogic.client.impl.OkHttpServices$CallRequestImpl.checkStatus(OkHttpServices.java:5757)
	at com.marklogic.client.impl.OkHttpServices$CallRequestImpl.executeRequest(OkHttpServices.java:5718)
	at com.marklogic.client.impl.OkHttpServices$CallRequestImpl.withDocumentResponse(OkHttpServices.java:5632)
	at com.marklogic.client.impl.BaseProxy$DBFunctionRequest.responseSingle(BaseProxy.java:904)
	at com.marklogic.v1.dataservices.ExploreDataService$1ExploreDataServiceImpl.getUiConfig(ExploreDataService.java:117)
	at com.marklogic.v1.dataservices.ExploreDataService$1ExploreDataServiceImpl.getUiConfig(ExploreDataService.java:111)
	at com.marklogic.v1.controllers.ExploreDataController.getUIConfig(ExploreDataController.java:89)
	at jdk.internal.reflect.GeneratedMethodAccessor61.invoke(Unknown Source)
	at java.base/jdk.internal.reflect.DelegatingMethodAccessorImpl.invoke(DelegatingMethodAccessorImpl.java:43)
	at java.base/java.lang.reflect.Method.invoke(Method.java:566)
	at org.springframework.web.method.support.InvocableHandlerMethod.doInvoke(InvocableHandlerMethod.java:205)
	at org.springframework.web.method.support.InvocableHandlerMethod.invokeForRequest(InvocableHandlerMethod.java:150)
	at org.springframework.web.servlet.mvc.method.annotation.ServletInvocableHandlerMethod.invokeAndHandle(ServletInvocableHandlerMethod.java:117)
	at org.springframework.web.servlet.mvc.method.annotation.RequestMappingHandlerAdapter.invokeHandlerMethod(RequestMappingHandlerAdapter.java:895)
	at org.springframework.web.servlet.mvc.method.annotation.RequestMappingHandlerAdapter.handleInternal(RequestMappingHandlerAdapter.java:808)
	at org.springframework.web.servlet.mvc.method.AbstractHandlerMethodAdapter.handle(AbstractHandlerMethodAdapter.java:87)
	at org.springframework.web.servlet.DispatcherServlet.doDispatch(DispatcherServlet.java:1067)
	at org.springframework.web.servlet.DispatcherServlet.doService(DispatcherServlet.java:963)
	at org.springframework.web.servlet.FrameworkServlet.processRequest(FrameworkServlet.java:1006)
	at org.springframework.web.servlet.FrameworkServlet.doGet(FrameworkServlet.java:898)
	at javax.servlet.http.HttpServlet.service(HttpServlet.java:655)
	at org.springframework.web.servlet.FrameworkServlet.service(FrameworkServlet.java:883)
	at javax.servlet.http.HttpServlet.service(HttpServlet.java:764)
	at org.apache.catalina.core.ApplicationFilterChain.internalDoFilter(ApplicationFilterChain.java:227)
	at org.apache.catalina.core.ApplicationFilterChain.doFilter(ApplicationFilterChain.java:162)
	at org.apache.tomcat.websocket.server.WsFilter.doFilter(WsFilter.java:53)
	at org.apache.catalina.core.ApplicationFilterChain.internalDoFilter(ApplicationFilterChain.java:189)
	at org.apache.catalina.core.ApplicationFilterChain.doFilter(ApplicationFilterChain.java:162)
	at org.springframework.web.filter.AbstractRequestLoggingFilter.doFilterInternal(AbstractRequestLoggingFilter.java:289)
	at org.springframework.web.filter.OncePerRequestFilter.doFilter(OncePerRequestFilter.java:117)
	at org.apache.catalina.core.ApplicationFilterChain.internalDoFilter(ApplicationFilterChain.java:189)
	at org.apache.catalina.core.ApplicationFilterChain.doFilter(ApplicationFilterChain.java:162)
	at org.springframework.security.web.FilterChainProxy$VirtualFilterChain.doFilter(FilterChainProxy.java:327)
	at org.springframework.security.web.access.intercept.FilterSecurityInterceptor.invoke(FilterSecurityInterceptor.java:115)
	at org.springframework.security.web.access.intercept.FilterSecurityInterceptor.doFilter(FilterSecurityInterceptor.java:81)
	at org.springframework.security.web.FilterChainProxy$VirtualFilterChain.doFilter(FilterChainProxy.java:336)
	at org.springframework.security.web.access.ExceptionTranslationFilter.doFilter(ExceptionTranslationFilter.java:122)
	at org.springframework.security.web.access.ExceptionTranslationFilter.doFilter(ExceptionTranslationFilter.java:116)
	at org.springframework.security.web.FilterChainProxy$VirtualFilterChain.doFilter(FilterChainProxy.java:336)
	at org.springframework.security.web.session.SessionManagementFilter.doFilter(SessionManagementFilter.java:126)
	at org.springframework.security.web.session.SessionManagementFilter.doFilter(SessionManagementFilter.java:81)
	at org.springframework.security.web.FilterChainProxy$VirtualFilterChain.doFilter(FilterChainProxy.java:336)
	at org.springframework.security.web.authentication.AnonymousAuthenticationFilter.doFilter(AnonymousAuthenticationFilter.java:109)
	at org.springframework.security.web.FilterChainProxy$VirtualFilterChain.doFilter(FilterChainProxy.java:336)
	at org.springframework.security.web.servletapi.SecurityContextHolderAwareRequestFilter.doFilter(SecurityContextHolderAwareRequestFilter.java:149)
	at org.springframework.security.web.FilterChainProxy$VirtualFilterChain.doFilter(FilterChainProxy.java:336)
	at org.springframework.security.web.savedrequest.RequestCacheAwareFilter.doFilter(RequestCacheAwareFilter.java:63)
	at org.springframework.security.web.FilterChainProxy$VirtualFilterChain.doFilter(FilterChainProxy.java:336)
	at org.springframework.security.web.authentication.AbstractAuthenticationProcessingFilter.doFilter(AbstractAuthenticationProcessingFilter.java:223)
	at org.springframework.security.web.authentication.AbstractAuthenticationProcessingFilter.doFilter(AbstractAuthenticationProcessingFilter.java:217)
	at org.springframework.security.web.FilterChainProxy$VirtualFilterChain.doFilter(FilterChainProxy.java:336)
	at org.springframework.security.web.authentication.logout.LogoutFilter.doFilter(LogoutFilter.java:103)
	at org.springframework.security.web.authentication.logout.LogoutFilter.doFilter(LogoutFilter.java:89)
	at org.springframework.security.web.FilterChainProxy$VirtualFilterChain.doFilter(FilterChainProxy.java:336)
	at org.springframework.security.web.header.HeaderWriterFilter.doHeadersAfter(HeaderWriterFilter.java:90)
	at org.springframework.security.web.header.HeaderWriterFilter.doFilterInternal(HeaderWriterFilter.java:75)
	at org.springframework.web.filter.OncePerRequestFilter.doFilter(OncePerRequestFilter.java:117)
	at org.springframework.security.web.FilterChainProxy$VirtualFilterChain.doFilter(FilterChainProxy.java:336)
	at org.springframework.security.web.context.SecurityContextPersistenceFilter.doFilter(SecurityContextPersistenceFilter.java:112)
	at org.springframework.security.web.context.SecurityContextPersistenceFilter.doFilter(SecurityContextPersistenceFilter.java:82)
	at org.springframework.security.web.FilterChainProxy$VirtualFilterChain.doFilter(FilterChainProxy.java:336)
	at org.springframework.security.web.context.request.async.WebAsyncManagerIntegrationFilter.doFilterInternal(WebAsyncManagerIntegrationFilter.java:55)
	at org.springframework.web.filter.OncePerRequestFilter.doFilter(OncePerRequestFilter.java:117)
	at org.springframework.security.web.FilterChainProxy$VirtualFilterChain.doFilter(FilterChainProxy.java:336)
	at org.springframework.security.web.session.DisableEncodeUrlFilter.doFilterInternal(DisableEncodeUrlFilter.java:42)
	at org.springframework.web.filter.OncePerRequestFilter.doFilter(OncePerRequestFilter.java:117)
	at org.springframework.security.web.FilterChainProxy$VirtualFilterChain.doFilter(FilterChainProxy.java:336)
	at org.springframework.security.web.FilterChainProxy.doFilterInternal(FilterChainProxy.java:211)
	at org.springframework.security.web.FilterChainProxy.doFilter(FilterChainProxy.java:183)
	at org.springframework.web.filter.DelegatingFilterProxy.invokeDelegate(DelegatingFilterProxy.java:354)
	at org.springframework.web.filter.DelegatingFilterProxy.doFilter(DelegatingFilterProxy.java:267)
	at org.apache.catalina.core.ApplicationFilterChain.internalDoFilter(ApplicationFilterChain.java:189)
	at org.apache.catalina.core.ApplicationFilterChain.doFilter(ApplicationFilterChain.java:162)
	at org.springframework.web.filter.RequestContextFilter.doFilterInternal(RequestContextFilter.java:100)
	at org.springframework.web.filter.OncePerRequestFilter.doFilter(OncePerRequestFilter.java:117)
	at org.apache.catalina.core.ApplicationFilterChain.internalDoFilter(ApplicationFilterChain.java:189)
	at org.apache.catalina.core.ApplicationFilterChain.doFilter(ApplicationFilterChain.java:162)
	at org.springframework.web.filter.FormContentFilter.doFilterInternal(FormContentFilter.java:93)
	at org.springframework.web.filter.OncePerRequestFilter.doFilter(OncePerRequestFilter.java:117)
	at org.apache.catalina.core.ApplicationFilterChain.internalDoFilter(ApplicationFilterChain.java:189)
	at org.apache.catalina.core.ApplicationFilterChain.doFilter(ApplicationFilterChain.java:162)
	at org.springframework.boot.actuate.metrics.web.servlet.WebMvcMetricsFilter.doFilterInternal(WebMvcMetricsFilter.java:96)
	at org.springframework.web.filter.OncePerRequestFilter.doFilter(OncePerRequestFilter.java:117)
	at org.apache.catalina.core.ApplicationFilterChain.internalDoFilter(ApplicationFilterChain.java:189)
	at org.apache.catalina.core.ApplicationFilterChain.doFilter(ApplicationFilterChain.java:162)
	at org.springframework.web.filter.CharacterEncodingFilter.doFilterInternal(CharacterEncodingFilter.java:201)
	at org.springframework.web.filter.OncePerRequestFilter.doFilter(OncePerRequestFilter.java:117)
	at org.apache.catalina.core.ApplicationFilterChain.internalDoFilter(ApplicationFilterChain.java:189)
	at org.apache.catalina.core.ApplicationFilterChain.doFilter(ApplicationFilterChain.java:162)
	at org.apache.catalina.core.StandardWrapperValve.invoke(StandardWrapperValve.java:197)
	at org.apache.catalina.core.StandardContextValve.invoke(StandardContextValve.java:97)
	at org.apache.catalina.authenticator.AuthenticatorBase.invoke(AuthenticatorBase.java:541)
	at org.apache.catalina.core.StandardHostValve.invoke(StandardHostValve.java:135)
	at org.apache.catalina.valves.ErrorReportValve.invoke(ErrorReportValve.java:92)
	at org.apache.catalina.core.StandardEngineValve.invoke(StandardEngineValve.java:78)
	at org.apache.catalina.connector.CoyoteAdapter.service(CoyoteAdapter.java:360)
	at org.apache.coyote.http11.Http11Processor.service(Http11Processor.java:399)
	at org.apache.coyote.AbstractProcessorLight.process(AbstractProcessorLight.java:65)
	at org.apache.coyote.AbstractProtocol$ConnectionHandler.process(AbstractProtocol.java:890)
	at org.apache.tomcat.util.net.NioEndpoint$SocketProcessor.doRun(NioEndpoint.java:1743)
	at org.apache.tomcat.util.net.SocketProcessorBase.run(SocketProcessorBase.java:49)
	at org.apache.tomcat.util.threads.ThreadPoolExecutor.runWorker(ThreadPoolExecutor.java:1191)
	at org.apache.tomcat.util.threads.ThreadPoolExecutor$Worker.run(ThreadPoolExecutor.java:659)
	at org.apache.tomcat.util.threads.TaskThread$WrappingRunnable.run(TaskThread.java:61)
	at java.base/java.lang.Thread.run(Thread.java:829)
2022-12-29 11:38:33,391 INFO com.marklogic.v1.controllers.ExploreDataController [http-nio-8080-exec-8] Forwarding the request to http://localhost:8080/api/explore/login
2022-12-29 11:38:33,409 INFO com.marklogic.v1.auth.AuthenticationFilter [http-nio-8080-exec-5] Created client for host: localhost
2022-12-29 11:38:33,437 ERROR com.marklogic.v1.exceptions.CustomExceptionHandler [http-nio-8080-exec-1] Local message: failed to POST at /explore-data/data-services/ml-exp-search/getUiConfig.sjs: Internal Server Error. Server Message: JS-JAVASCRIPT: Error running JavaScript request: SyntaxError: Unexpected token } . See the MarkLogic server error log for further detail.
com.marklogic.client.FailedRequestException: Local message: failed to POST at /explore-data/data-services/ml-exp-search/getUiConfig.sjs: Internal Server Error. Server Message: JS-JAVASCRIPT: Error running JavaScript request: SyntaxError: Unexpected token } . See the MarkLogic server error log for further detail.
	at com.marklogic.client.impl.OkHttpServices$CallRequestImpl.checkStatus(OkHttpServices.java:5757)
	at com.marklogic.client.impl.OkHttpServices$CallRequestImpl.executeRequest(OkHttpServices.java:5718)
	at com.marklogic.client.impl.OkHttpServices$CallRequestImpl.withDocumentResponse(OkHttpServices.java:5632)
	at com.marklogic.client.impl.BaseProxy$DBFunctionRequest.responseSingle(BaseProxy.java:904)
	at com.marklogic.v1.dataservices.ExploreDataService$1ExploreDataServiceImpl.getUiConfig(ExploreDataService.java:117)
	at com.marklogic.v1.dataservices.ExploreDataService$1ExploreDataServiceImpl.getUiConfig(ExploreDataService.java:111)
	at com.marklogic.v1.controllers.ExploreDataController.getUIConfig(ExploreDataController.java:89)
	at jdk.internal.reflect.GeneratedMethodAccessor61.invoke(Unknown Source)
	at java.base/jdk.internal.reflect.DelegatingMethodAccessorImpl.invoke(DelegatingMethodAccessorImpl.java:43)
	at java.base/java.lang.reflect.Method.invoke(Method.java:566)
	at org.springframework.web.method.support.InvocableHandlerMethod.doInvoke(InvocableHandlerMethod.java:205)
	at org.springframework.web.method.support.InvocableHandlerMethod.invokeForRequest(InvocableHandlerMethod.java:150)
	at org.springframework.web.servlet.mvc.method.annotation.ServletInvocableHandlerMethod.invokeAndHandle(ServletInvocableHandlerMethod.java:117)
	at org.springframework.web.servlet.mvc.method.annotation.RequestMappingHandlerAdapter.invokeHandlerMethod(RequestMappingHandlerAdapter.java:895)
	at org.springframework.web.servlet.mvc.method.annotation.RequestMappingHandlerAdapter.handleInternal(RequestMappingHandlerAdapter.java:808)
	at org.springframework.web.servlet.mvc.method.AbstractHandlerMethodAdapter.handle(AbstractHandlerMethodAdapter.java:87)
	at org.springframework.web.servlet.DispatcherServlet.doDispatch(DispatcherServlet.java:1067)
	at org.springframework.web.servlet.DispatcherServlet.doService(DispatcherServlet.java:963)
	at org.springframework.web.servlet.FrameworkServlet.processRequest(FrameworkServlet.java:1006)
	at org.springframework.web.servlet.FrameworkServlet.doGet(FrameworkServlet.java:898)
	at javax.servlet.http.HttpServlet.service(HttpServlet.java:655)
	at org.springframework.web.servlet.FrameworkServlet.service(FrameworkServlet.java:883)
	at javax.servlet.http.HttpServlet.service(HttpServlet.java:764)
	at org.apache.catalina.core.ApplicationFilterChain.internalDoFilter(ApplicationFilterChain.java:227)
	at org.apache.catalina.core.ApplicationFilterChain.doFilter(ApplicationFilterChain.java:162)
	at org.apache.tomcat.websocket.server.WsFilter.doFilter(WsFilter.java:53)
	at org.apache.catalina.core.ApplicationFilterChain.internalDoFilter(ApplicationFilterChain.java:189)
	at org.apache.catalina.core.ApplicationFilterChain.doFilter(ApplicationFilterChain.java:162)
	at org.springframework.web.filter.AbstractRequestLoggingFilter.doFilterInternal(AbstractRequestLoggingFilter.java:289)
	at org.springframework.web.filter.OncePerRequestFilter.doFilter(OncePerRequestFilter.java:117)
	at org.apache.catalina.core.ApplicationFilterChain.internalDoFilter(ApplicationFilterChain.java:189)
	at org.apache.catalina.core.ApplicationFilterChain.doFilter(ApplicationFilterChain.java:162)
	at org.springframework.security.web.FilterChainProxy$VirtualFilterChain.doFilter(FilterChainProxy.java:327)
	at org.springframework.security.web.access.intercept.FilterSecurityInterceptor.invoke(FilterSecurityInterceptor.java:115)
	at org.springframework.security.web.access.intercept.FilterSecurityInterceptor.doFilter(FilterSecurityInterceptor.java:81)
	at org.springframework.security.web.FilterChainProxy$VirtualFilterChain.doFilter(FilterChainProxy.java:336)
	at org.springframework.security.web.access.ExceptionTranslationFilter.doFilter(ExceptionTranslationFilter.java:122)
	at org.springframework.security.web.access.ExceptionTranslationFilter.doFilter(ExceptionTranslationFilter.java:116)
	at org.springframework.security.web.FilterChainProxy$VirtualFilterChain.doFilter(FilterChainProxy.java:336)
	at org.springframework.security.web.session.SessionManagementFilter.doFilter(SessionManagementFilter.java:126)
	at org.springframework.security.web.session.SessionManagementFilter.doFilter(SessionManagementFilter.java:81)
	at org.springframework.security.web.FilterChainProxy$VirtualFilterChain.doFilter(FilterChainProxy.java:336)
	at org.springframework.security.web.authentication.AnonymousAuthenticationFilter.doFilter(AnonymousAuthenticationFilter.java:109)
	at org.springframework.security.web.FilterChainProxy$VirtualFilterChain.doFilter(FilterChainProxy.java:336)
	at org.springframework.security.web.servletapi.SecurityContextHolderAwareRequestFilter.doFilter(SecurityContextHolderAwareRequestFilter.java:149)
	at org.springframework.security.web.FilterChainProxy$VirtualFilterChain.doFilter(FilterChainProxy.java:336)
	at org.springframework.security.web.savedrequest.RequestCacheAwareFilter.doFilter(RequestCacheAwareFilter.java:63)
	at org.springframework.security.web.FilterChainProxy$VirtualFilterChain.doFilter(FilterChainProxy.java:336)
	at org.springframework.security.web.authentication.AbstractAuthenticationProcessingFilter.doFilter(AbstractAuthenticationProcessingFilter.java:223)
	at org.springframework.security.web.authentication.AbstractAuthenticationProcessingFilter.doFilter(AbstractAuthenticationProcessingFilter.java:217)
	at org.springframework.security.web.FilterChainProxy$VirtualFilterChain.doFilter(FilterChainProxy.java:336)
	at org.springframework.security.web.authentication.logout.LogoutFilter.doFilter(LogoutFilter.java:103)
	at org.springframework.security.web.authentication.logout.LogoutFilter.doFilter(LogoutFilter.java:89)
	at org.springframework.security.web.FilterChainProxy$VirtualFilterChain.doFilter(FilterChainProxy.java:336)
	at org.springframework.security.web.header.HeaderWriterFilter.doHeadersAfter(HeaderWriterFilter.java:90)
	at org.springframework.security.web.header.HeaderWriterFilter.doFilterInternal(HeaderWriterFilter.java:75)
	at org.springframework.web.filter.OncePerRequestFilter.doFilter(OncePerRequestFilter.java:117)
	at org.springframework.security.web.FilterChainProxy$VirtualFilterChain.doFilter(FilterChainProxy.java:336)
	at org.springframework.security.web.context.SecurityContextPersistenceFilter.doFilter(SecurityContextPersistenceFilter.java:112)
	at org.springframework.security.web.context.SecurityContextPersistenceFilter.doFilter(SecurityContextPersistenceFilter.java:82)
	at org.springframework.security.web.FilterChainProxy$VirtualFilterChain.doFilter(FilterChainProxy.java:336)
	at org.springframework.security.web.context.request.async.WebAsyncManagerIntegrationFilter.doFilterInternal(WebAsyncManagerIntegrationFilter.java:55)
	at org.springframework.web.filter.OncePerRequestFilter.doFilter(OncePerRequestFilter.java:117)
	at org.springframework.security.web.FilterChainProxy$VirtualFilterChain.doFilter(FilterChainProxy.java:336)
	at org.springframework.security.web.session.DisableEncodeUrlFilter.doFilterInternal(DisableEncodeUrlFilter.java:42)
	at org.springframework.web.filter.OncePerRequestFilter.doFilter(OncePerRequestFilter.java:117)
	at org.springframework.security.web.FilterChainProxy$VirtualFilterChain.doFilter(FilterChainProxy.java:336)
	at org.springframework.security.web.FilterChainProxy.doFilterInternal(FilterChainProxy.java:211)
	at org.springframework.security.web.FilterChainProxy.doFilter(FilterChainProxy.java:183)
	at org.springframework.web.filter.DelegatingFilterProxy.invokeDelegate(DelegatingFilterProxy.java:354)
	at org.springframework.web.filter.DelegatingFilterProxy.doFilter(DelegatingFilterProxy.java:267)
	at org.apache.catalina.core.ApplicationFilterChain.internalDoFilter(ApplicationFilterChain.java:189)
	at org.apache.catalina.core.ApplicationFilterChain.doFilter(ApplicationFilterChain.java:162)
	at org.springframework.web.filter.RequestContextFilter.doFilterInternal(RequestContextFilter.java:100)
	at org.springframework.web.filter.OncePerRequestFilter.doFilter(OncePerRequestFilter.java:117)
	at org.apache.catalina.core.ApplicationFilterChain.internalDoFilter(ApplicationFilterChain.java:189)
	at org.apache.catalina.core.ApplicationFilterChain.doFilter(ApplicationFilterChain.java:162)
	at org.springframework.web.filter.FormContentFilter.doFilterInternal(FormContentFilter.java:93)
	at org.springframework.web.filter.OncePerRequestFilter.doFilter(OncePerRequestFilter.java:117)
	at org.apache.catalina.core.ApplicationFilterChain.internalDoFilter(ApplicationFilterChain.java:189)
	at org.apache.catalina.core.ApplicationFilterChain.doFilter(ApplicationFilterChain.java:162)
	at org.springframework.boot.actuate.metrics.web.servlet.WebMvcMetricsFilter.doFilterInternal(WebMvcMetricsFilter.java:96)
	at org.springframework.web.filter.OncePerRequestFilter.doFilter(OncePerRequestFilter.java:117)
	at org.apache.catalina.core.ApplicationFilterChain.internalDoFilter(ApplicationFilterChain.java:189)
	at org.apache.catalina.core.ApplicationFilterChain.doFilter(ApplicationFilterChain.java:162)
	at org.springframework.web.filter.CharacterEncodingFilter.doFilterInternal(CharacterEncodingFilter.java:201)
	at org.springframework.web.filter.OncePerRequestFilter.doFilter(OncePerRequestFilter.java:117)
	at org.apache.catalina.core.ApplicationFilterChain.internalDoFilter(ApplicationFilterChain.java:189)
	at org.apache.catalina.core.ApplicationFilterChain.doFilter(ApplicationFilterChain.java:162)
	at org.apache.catalina.core.StandardWrapperValve.invoke(StandardWrapperValve.java:197)
	at org.apache.catalina.core.StandardContextValve.invoke(StandardContextValve.java:97)
	at org.apache.catalina.authenticator.AuthenticatorBase.invoke(AuthenticatorBase.java:541)
	at org.apache.catalina.core.StandardHostValve.invoke(StandardHostValve.java:135)
	at org.apache.catalina.valves.ErrorReportValve.invoke(ErrorReportValve.java:92)
	at org.apache.catalina.core.StandardEngineValve.invoke(StandardEngineValve.java:78)
	at org.apache.catalina.connector.CoyoteAdapter.service(CoyoteAdapter.java:360)
	at org.apache.coyote.http11.Http11Processor.service(Http11Processor.java:399)
	at org.apache.coyote.AbstractProcessorLight.process(AbstractProcessorLight.java:65)
	at org.apache.coyote.AbstractProtocol$ConnectionHandler.process(AbstractProtocol.java:890)
	at org.apache.tomcat.util.net.NioEndpoint$SocketProcessor.doRun(NioEndpoint.java:1743)
	at org.apache.tomcat.util.net.SocketProcessorBase.run(SocketProcessorBase.java:49)
	at org.apache.tomcat.util.threads.ThreadPoolExecutor.runWorker(ThreadPoolExecutor.java:1191)
	at org.apache.tomcat.util.threads.ThreadPoolExecutor$Worker.run(ThreadPoolExecutor.java:659)
	at org.apache.tomcat.util.threads.TaskThread$WrappingRunnable.run(TaskThread.java:61)
	at java.base/java.lang.Thread.run(Thread.java:829)
2022-12-29 11:38:48,683 INFO com.marklogic.v1.controllers.ExploreDataController [http-nio-8080-exec-6] Forwarding the request to http://localhost:8080/api/explore/login
2022-12-29 11:38:48,702 INFO com.marklogic.v1.auth.AuthenticationFilter [http-nio-8080-exec-7] Created client for host: localhost
2022-12-29 11:38:48,723 ERROR com.marklogic.v1.exceptions.CustomExceptionHandler [http-nio-8080-exec-1] Local message: failed to POST at /explore-data/data-services/ml-exp-search/getUiConfig.sjs: Internal Server Error. Server Message: JS-JAVASCRIPT: Error running JavaScript request: SyntaxError: Unexpected token } . See the MarkLogic server error log for further detail.
com.marklogic.client.FailedRequestException: Local message: failed to POST at /explore-data/data-services/ml-exp-search/getUiConfig.sjs: Internal Server Error. Server Message: JS-JAVASCRIPT: Error running JavaScript request: SyntaxError: Unexpected token } . See the MarkLogic server error log for further detail.
	at com.marklogic.client.impl.OkHttpServices$CallRequestImpl.checkStatus(OkHttpServices.java:5757)
	at com.marklogic.client.impl.OkHttpServices$CallRequestImpl.executeRequest(OkHttpServices.java:5718)
	at com.marklogic.client.impl.OkHttpServices$CallRequestImpl.withDocumentResponse(OkHttpServices.java:5632)
	at com.marklogic.client.impl.BaseProxy$DBFunctionRequest.responseSingle(BaseProxy.java:904)
	at com.marklogic.v1.dataservices.ExploreDataService$1ExploreDataServiceImpl.getUiConfig(ExploreDataService.java:117)
	at com.marklogic.v1.dataservices.ExploreDataService$1ExploreDataServiceImpl.getUiConfig(ExploreDataService.java:111)
	at com.marklogic.v1.controllers.ExploreDataController.getUIConfig(ExploreDataController.java:89)
	at jdk.internal.reflect.GeneratedMethodAccessor61.invoke(Unknown Source)
	at java.base/jdk.internal.reflect.DelegatingMethodAccessorImpl.invoke(DelegatingMethodAccessorImpl.java:43)
	at java.base/java.lang.reflect.Method.invoke(Method.java:566)
	at org.springframework.web.method.support.InvocableHandlerMethod.doInvoke(InvocableHandlerMethod.java:205)
	at org.springframework.web.method.support.InvocableHandlerMethod.invokeForRequest(InvocableHandlerMethod.java:150)
	at org.springframework.web.servlet.mvc.method.annotation.ServletInvocableHandlerMethod.invokeAndHandle(ServletInvocableHandlerMethod.java:117)
	at org.springframework.web.servlet.mvc.method.annotation.RequestMappingHandlerAdapter.invokeHandlerMethod(RequestMappingHandlerAdapter.java:895)
	at org.springframework.web.servlet.mvc.method.annotation.RequestMappingHandlerAdapter.handleInternal(RequestMappingHandlerAdapter.java:808)
	at org.springframework.web.servlet.mvc.method.AbstractHandlerMethodAdapter.handle(AbstractHandlerMethodAdapter.java:87)
	at org.springframework.web.servlet.DispatcherServlet.doDispatch(DispatcherServlet.java:1067)
	at org.springframework.web.servlet.DispatcherServlet.doService(DispatcherServlet.java:963)
	at org.springframework.web.servlet.FrameworkServlet.processRequest(FrameworkServlet.java:1006)
	at org.springframework.web.servlet.FrameworkServlet.doGet(FrameworkServlet.java:898)
	at javax.servlet.http.HttpServlet.service(HttpServlet.java:655)
	at org.springframework.web.servlet.FrameworkServlet.service(FrameworkServlet.java:883)
	at javax.servlet.http.HttpServlet.service(HttpServlet.java:764)
	at org.apache.catalina.core.ApplicationFilterChain.internalDoFilter(ApplicationFilterChain.java:227)
	at org.apache.catalina.core.ApplicationFilterChain.doFilter(ApplicationFilterChain.java:162)
	at org.apache.tomcat.websocket.server.WsFilter.doFilter(WsFilter.java:53)
	at org.apache.catalina.core.ApplicationFilterChain.internalDoFilter(ApplicationFilterChain.java:189)
	at org.apache.catalina.core.ApplicationFilterChain.doFilter(ApplicationFilterChain.java:162)
	at org.springframework.web.filter.AbstractRequestLoggingFilter.doFilterInternal(AbstractRequestLoggingFilter.java:289)
	at org.springframework.web.filter.OncePerRequestFilter.doFilter(OncePerRequestFilter.java:117)
	at org.apache.catalina.core.ApplicationFilterChain.internalDoFilter(ApplicationFilterChain.java:189)
	at org.apache.catalina.core.ApplicationFilterChain.doFilter(ApplicationFilterChain.java:162)
	at org.springframework.security.web.FilterChainProxy$VirtualFilterChain.doFilter(FilterChainProxy.java:327)
	at org.springframework.security.web.access.intercept.FilterSecurityInterceptor.invoke(FilterSecurityInterceptor.java:115)
	at org.springframework.security.web.access.intercept.FilterSecurityInterceptor.doFilter(FilterSecurityInterceptor.java:81)
	at org.springframework.security.web.FilterChainProxy$VirtualFilterChain.doFilter(FilterChainProxy.java:336)
	at org.springframework.security.web.access.ExceptionTranslationFilter.doFilter(ExceptionTranslationFilter.java:122)
	at org.springframework.security.web.access.ExceptionTranslationFilter.doFilter(ExceptionTranslationFilter.java:116)
	at org.springframework.security.web.FilterChainProxy$VirtualFilterChain.doFilter(FilterChainProxy.java:336)
	at org.springframework.security.web.session.SessionManagementFilter.doFilter(SessionManagementFilter.java:126)
	at org.springframework.security.web.session.SessionManagementFilter.doFilter(SessionManagementFilter.java:81)
	at org.springframework.security.web.FilterChainProxy$VirtualFilterChain.doFilter(FilterChainProxy.java:336)
	at org.springframework.security.web.authentication.AnonymousAuthenticationFilter.doFilter(AnonymousAuthenticationFilter.java:109)
	at org.springframework.security.web.FilterChainProxy$VirtualFilterChain.doFilter(FilterChainProxy.java:336)
	at org.springframework.security.web.servletapi.SecurityContextHolderAwareRequestFilter.doFilter(SecurityContextHolderAwareRequestFilter.java:149)
	at org.springframework.security.web.FilterChainProxy$VirtualFilterChain.doFilter(FilterChainProxy.java:336)
	at org.springframework.security.web.savedrequest.RequestCacheAwareFilter.doFilter(RequestCacheAwareFilter.java:63)
	at org.springframework.security.web.FilterChainProxy$VirtualFilterChain.doFilter(FilterChainProxy.java:336)
	at org.springframework.security.web.authentication.AbstractAuthenticationProcessingFilter.doFilter(AbstractAuthenticationProcessingFilter.java:223)
	at org.springframework.security.web.authentication.AbstractAuthenticationProcessingFilter.doFilter(AbstractAuthenticationProcessingFilter.java:217)
	at org.springframework.security.web.FilterChainProxy$VirtualFilterChain.doFilter(FilterChainProxy.java:336)
	at org.springframework.security.web.authentication.logout.LogoutFilter.doFilter(LogoutFilter.java:103)
	at org.springframework.security.web.authentication.logout.LogoutFilter.doFilter(LogoutFilter.java:89)
	at org.springframework.security.web.FilterChainProxy$VirtualFilterChain.doFilter(FilterChainProxy.java:336)
	at org.springframework.security.web.header.HeaderWriterFilter.doHeadersAfter(HeaderWriterFilter.java:90)
	at org.springframework.security.web.header.HeaderWriterFilter.doFilterInternal(HeaderWriterFilter.java:75)
	at org.springframework.web.filter.OncePerRequestFilter.doFilter(OncePerRequestFilter.java:117)
	at org.springframework.security.web.FilterChainProxy$VirtualFilterChain.doFilter(FilterChainProxy.java:336)
	at org.springframework.security.web.context.SecurityContextPersistenceFilter.doFilter(SecurityContextPersistenceFilter.java:112)
	at org.springframework.security.web.context.SecurityContextPersistenceFilter.doFilter(SecurityContextPersistenceFilter.java:82)
	at org.springframework.security.web.FilterChainProxy$VirtualFilterChain.doFilter(FilterChainProxy.java:336)
	at org.springframework.security.web.context.request.async.WebAsyncManagerIntegrationFilter.doFilterInternal(WebAsyncManagerIntegrationFilter.java:55)
	at org.springframework.web.filter.OncePerRequestFilter.doFilter(OncePerRequestFilter.java:117)
	at org.springframework.security.web.FilterChainProxy$VirtualFilterChain.doFilter(FilterChainProxy.java:336)
	at org.springframework.security.web.session.DisableEncodeUrlFilter.doFilterInternal(DisableEncodeUrlFilter.java:42)
	at org.springframework.web.filter.OncePerRequestFilter.doFilter(OncePerRequestFilter.java:117)
	at org.springframework.security.web.FilterChainProxy$VirtualFilterChain.doFilter(FilterChainProxy.java:336)
	at org.springframework.security.web.FilterChainProxy.doFilterInternal(FilterChainProxy.java:211)
	at org.springframework.security.web.FilterChainProxy.doFilter(FilterChainProxy.java:183)
	at org.springframework.web.filter.DelegatingFilterProxy.invokeDelegate(DelegatingFilterProxy.java:354)
	at org.springframework.web.filter.DelegatingFilterProxy.doFilter(DelegatingFilterProxy.java:267)
	at org.apache.catalina.core.ApplicationFilterChain.internalDoFilter(ApplicationFilterChain.java:189)
	at org.apache.catalina.core.ApplicationFilterChain.doFilter(ApplicationFilterChain.java:162)
	at org.springframework.web.filter.RequestContextFilter.doFilterInternal(RequestContextFilter.java:100)
	at org.springframework.web.filter.OncePerRequestFilter.doFilter(OncePerRequestFilter.java:117)
	at org.apache.catalina.core.ApplicationFilterChain.internalDoFilter(ApplicationFilterChain.java:189)
	at org.apache.catalina.core.ApplicationFilterChain.doFilter(ApplicationFilterChain.java:162)
	at org.springframework.web.filter.FormContentFilter.doFilterInternal(FormContentFilter.java:93)
	at org.springframework.web.filter.OncePerRequestFilter.doFilter(OncePerRequestFilter.java:117)
	at org.apache.catalina.core.ApplicationFilterChain.internalDoFilter(ApplicationFilterChain.java:189)
	at org.apache.catalina.core.ApplicationFilterChain.doFilter(ApplicationFilterChain.java:162)
	at org.springframework.boot.actuate.metrics.web.servlet.WebMvcMetricsFilter.doFilterInternal(WebMvcMetricsFilter.java:96)
	at org.springframework.web.filter.OncePerRequestFilter.doFilter(OncePerRequestFilter.java:117)
	at org.apache.catalina.core.ApplicationFilterChain.internalDoFilter(ApplicationFilterChain.java:189)
	at org.apache.catalina.core.ApplicationFilterChain.doFilter(ApplicationFilterChain.java:162)
	at org.springframework.web.filter.CharacterEncodingFilter.doFilterInternal(CharacterEncodingFilter.java:201)
	at org.springframework.web.filter.OncePerRequestFilter.doFilter(OncePerRequestFilter.java:117)
	at org.apache.catalina.core.ApplicationFilterChain.internalDoFilter(ApplicationFilterChain.java:189)
	at org.apache.catalina.core.ApplicationFilterChain.doFilter(ApplicationFilterChain.java:162)
	at org.apache.catalina.core.StandardWrapperValve.invoke(StandardWrapperValve.java:197)
	at org.apache.catalina.core.StandardContextValve.invoke(StandardContextValve.java:97)
	at org.apache.catalina.authenticator.AuthenticatorBase.invoke(AuthenticatorBase.java:541)
	at org.apache.catalina.core.StandardHostValve.invoke(StandardHostValve.java:135)
	at org.apache.catalina.valves.ErrorReportValve.invoke(ErrorReportValve.java:92)
	at org.apache.catalina.core.StandardEngineValve.invoke(StandardEngineValve.java:78)
	at org.apache.catalina.connector.CoyoteAdapter.service(CoyoteAdapter.java:360)
	at org.apache.coyote.http11.Http11Processor.service(Http11Processor.java:399)
	at org.apache.coyote.AbstractProcessorLight.process(AbstractProcessorLight.java:65)
	at org.apache.coyote.AbstractProtocol$ConnectionHandler.process(AbstractProtocol.java:890)
	at org.apache.tomcat.util.net.NioEndpoint$SocketProcessor.doRun(NioEndpoint.java:1743)
	at org.apache.tomcat.util.net.SocketProcessorBase.run(SocketProcessorBase.java:49)
	at org.apache.tomcat.util.threads.ThreadPoolExecutor.runWorker(ThreadPoolExecutor.java:1191)
	at org.apache.tomcat.util.threads.ThreadPoolExecutor$Worker.run(ThreadPoolExecutor.java:659)
	at org.apache.tomcat.util.threads.TaskThread$WrappingRunnable.run(TaskThread.java:61)
	at java.base/java.lang.Thread.run(Thread.java:829)
2022-12-29 11:38:50,929 INFO com.marklogic.v1.controllers.ExploreDataController [http-nio-8080-exec-9] Forwarding the request to http://localhost:8080/api/explore/login
2022-12-29 11:38:50,950 INFO com.marklogic.v1.auth.AuthenticationFilter [http-nio-8080-exec-1] Created client for host: localhost
2022-12-29 11:38:50,976 ERROR com.marklogic.v1.exceptions.CustomExceptionHandler [http-nio-8080-exec-5] Local message: failed to POST at /explore-data/data-services/ml-exp-search/getUiConfig.sjs: Internal Server Error. Server Message: JS-JAVASCRIPT: Error running JavaScript request: SyntaxError: Unexpected token } . See the MarkLogic server error log for further detail.
com.marklogic.client.FailedRequestException: Local message: failed to POST at /explore-data/data-services/ml-exp-search/getUiConfig.sjs: Internal Server Error. Server Message: JS-JAVASCRIPT: Error running JavaScript request: SyntaxError: Unexpected token } . See the MarkLogic server error log for further detail.
	at com.marklogic.client.impl.OkHttpServices$CallRequestImpl.checkStatus(OkHttpServices.java:5757)
	at com.marklogic.client.impl.OkHttpServices$CallRequestImpl.executeRequest(OkHttpServices.java:5718)
	at com.marklogic.client.impl.OkHttpServices$CallRequestImpl.withDocumentResponse(OkHttpServices.java:5632)
	at com.marklogic.client.impl.BaseProxy$DBFunctionRequest.responseSingle(BaseProxy.java:904)
	at com.marklogic.v1.dataservices.ExploreDataService$1ExploreDataServiceImpl.getUiConfig(ExploreDataService.java:117)
	at com.marklogic.v1.dataservices.ExploreDataService$1ExploreDataServiceImpl.getUiConfig(ExploreDataService.java:111)
	at com.marklogic.v1.controllers.ExploreDataController.getUIConfig(ExploreDataController.java:89)
	at jdk.internal.reflect.GeneratedMethodAccessor61.invoke(Unknown Source)
	at java.base/jdk.internal.reflect.DelegatingMethodAccessorImpl.invoke(DelegatingMethodAccessorImpl.java:43)
	at java.base/java.lang.reflect.Method.invoke(Method.java:566)
	at org.springframework.web.method.support.InvocableHandlerMethod.doInvoke(InvocableHandlerMethod.java:205)
	at org.springframework.web.method.support.InvocableHandlerMethod.invokeForRequest(InvocableHandlerMethod.java:150)
	at org.springframework.web.servlet.mvc.method.annotation.ServletInvocableHandlerMethod.invokeAndHandle(ServletInvocableHandlerMethod.java:117)
	at org.springframework.web.servlet.mvc.method.annotation.RequestMappingHandlerAdapter.invokeHandlerMethod(RequestMappingHandlerAdapter.java:895)
	at org.springframework.web.servlet.mvc.method.annotation.RequestMappingHandlerAdapter.handleInternal(RequestMappingHandlerAdapter.java:808)
	at org.springframework.web.servlet.mvc.method.AbstractHandlerMethodAdapter.handle(AbstractHandlerMethodAdapter.java:87)
	at org.springframework.web.servlet.DispatcherServlet.doDispatch(DispatcherServlet.java:1067)
	at org.springframework.web.servlet.DispatcherServlet.doService(DispatcherServlet.java:963)
	at org.springframework.web.servlet.FrameworkServlet.processRequest(FrameworkServlet.java:1006)
	at org.springframework.web.servlet.FrameworkServlet.doGet(FrameworkServlet.java:898)
	at javax.servlet.http.HttpServlet.service(HttpServlet.java:655)
	at org.springframework.web.servlet.FrameworkServlet.service(FrameworkServlet.java:883)
	at javax.servlet.http.HttpServlet.service(HttpServlet.java:764)
	at org.apache.catalina.core.ApplicationFilterChain.internalDoFilter(ApplicationFilterChain.java:227)
	at org.apache.catalina.core.ApplicationFilterChain.doFilter(ApplicationFilterChain.java:162)
	at org.apache.tomcat.websocket.server.WsFilter.doFilter(WsFilter.java:53)
	at org.apache.catalina.core.ApplicationFilterChain.internalDoFilter(ApplicationFilterChain.java:189)
	at org.apache.catalina.core.ApplicationFilterChain.doFilter(ApplicationFilterChain.java:162)
	at org.springframework.web.filter.AbstractRequestLoggingFilter.doFilterInternal(AbstractRequestLoggingFilter.java:289)
	at org.springframework.web.filter.OncePerRequestFilter.doFilter(OncePerRequestFilter.java:117)
	at org.apache.catalina.core.ApplicationFilterChain.internalDoFilter(ApplicationFilterChain.java:189)
	at org.apache.catalina.core.ApplicationFilterChain.doFilter(ApplicationFilterChain.java:162)
	at org.springframework.security.web.FilterChainProxy$VirtualFilterChain.doFilter(FilterChainProxy.java:327)
	at org.springframework.security.web.access.intercept.FilterSecurityInterceptor.invoke(FilterSecurityInterceptor.java:115)
	at org.springframework.security.web.access.intercept.FilterSecurityInterceptor.doFilter(FilterSecurityInterceptor.java:81)
	at org.springframework.security.web.FilterChainProxy$VirtualFilterChain.doFilter(FilterChainProxy.java:336)
	at org.springframework.security.web.access.ExceptionTranslationFilter.doFilter(ExceptionTranslationFilter.java:122)
	at org.springframework.security.web.access.ExceptionTranslationFilter.doFilter(ExceptionTranslationFilter.java:116)
	at org.springframework.security.web.FilterChainProxy$VirtualFilterChain.doFilter(FilterChainProxy.java:336)
	at org.springframework.security.web.session.SessionManagementFilter.doFilter(SessionManagementFilter.java:126)
	at org.springframework.security.web.session.SessionManagementFilter.doFilter(SessionManagementFilter.java:81)
	at org.springframework.security.web.FilterChainProxy$VirtualFilterChain.doFilter(FilterChainProxy.java:336)
	at org.springframework.security.web.authentication.AnonymousAuthenticationFilter.doFilter(AnonymousAuthenticationFilter.java:109)
	at org.springframework.security.web.FilterChainProxy$VirtualFilterChain.doFilter(FilterChainProxy.java:336)
	at org.springframework.security.web.servletapi.SecurityContextHolderAwareRequestFilter.doFilter(SecurityContextHolderAwareRequestFilter.java:149)
	at org.springframework.security.web.FilterChainProxy$VirtualFilterChain.doFilter(FilterChainProxy.java:336)
	at org.springframework.security.web.savedrequest.RequestCacheAwareFilter.doFilter(RequestCacheAwareFilter.java:63)
	at org.springframework.security.web.FilterChainProxy$VirtualFilterChain.doFilter(FilterChainProxy.java:336)
	at org.springframework.security.web.authentication.AbstractAuthenticationProcessingFilter.doFilter(AbstractAuthenticationProcessingFilter.java:223)
	at org.springframework.security.web.authentication.AbstractAuthenticationProcessingFilter.doFilter(AbstractAuthenticationProcessingFilter.java:217)
	at org.springframework.security.web.FilterChainProxy$VirtualFilterChain.doFilter(FilterChainProxy.java:336)
	at org.springframework.security.web.authentication.logout.LogoutFilter.doFilter(LogoutFilter.java:103)
	at org.springframework.security.web.authentication.logout.LogoutFilter.doFilter(LogoutFilter.java:89)
	at org.springframework.security.web.FilterChainProxy$VirtualFilterChain.doFilter(FilterChainProxy.java:336)
	at org.springframework.security.web.header.HeaderWriterFilter.doHeadersAfter(HeaderWriterFilter.java:90)
	at org.springframework.security.web.header.HeaderWriterFilter.doFilterInternal(HeaderWriterFilter.java:75)
	at org.springframework.web.filter.OncePerRequestFilter.doFilter(OncePerRequestFilter.java:117)
	at org.springframework.security.web.FilterChainProxy$VirtualFilterChain.doFilter(FilterChainProxy.java:336)
	at org.springframework.security.web.context.SecurityContextPersistenceFilter.doFilter(SecurityContextPersistenceFilter.java:112)
	at org.springframework.security.web.context.SecurityContextPersistenceFilter.doFilter(SecurityContextPersistenceFilter.java:82)
	at org.springframework.security.web.FilterChainProxy$VirtualFilterChain.doFilter(FilterChainProxy.java:336)
	at org.springframework.security.web.context.request.async.WebAsyncManagerIntegrationFilter.doFilterInternal(WebAsyncManagerIntegrationFilter.java:55)
	at org.springframework.web.filter.OncePerRequestFilter.doFilter(OncePerRequestFilter.java:117)
	at org.springframework.security.web.FilterChainProxy$VirtualFilterChain.doFilter(FilterChainProxy.java:336)
	at org.springframework.security.web.session.DisableEncodeUrlFilter.doFilterInternal(DisableEncodeUrlFilter.java:42)
	at org.springframework.web.filter.OncePerRequestFilter.doFilter(OncePerRequestFilter.java:117)
	at org.springframework.security.web.FilterChainProxy$VirtualFilterChain.doFilter(FilterChainProxy.java:336)
	at org.springframework.security.web.FilterChainProxy.doFilterInternal(FilterChainProxy.java:211)
	at org.springframework.security.web.FilterChainProxy.doFilter(FilterChainProxy.java:183)
	at org.springframework.web.filter.DelegatingFilterProxy.invokeDelegate(DelegatingFilterProxy.java:354)
	at org.springframework.web.filter.DelegatingFilterProxy.doFilter(DelegatingFilterProxy.java:267)
	at org.apache.catalina.core.ApplicationFilterChain.internalDoFilter(ApplicationFilterChain.java:189)
	at org.apache.catalina.core.ApplicationFilterChain.doFilter(ApplicationFilterChain.java:162)
	at org.springframework.web.filter.RequestContextFilter.doFilterInternal(RequestContextFilter.java:100)
	at org.springframework.web.filter.OncePerRequestFilter.doFilter(OncePerRequestFilter.java:117)
	at org.apache.catalina.core.ApplicationFilterChain.internalDoFilter(ApplicationFilterChain.java:189)
	at org.apache.catalina.core.ApplicationFilterChain.doFilter(ApplicationFilterChain.java:162)
	at org.springframework.web.filter.FormContentFilter.doFilterInternal(FormContentFilter.java:93)
	at org.springframework.web.filter.OncePerRequestFilter.doFilter(OncePerRequestFilter.java:117)
	at org.apache.catalina.core.ApplicationFilterChain.internalDoFilter(ApplicationFilterChain.java:189)
	at org.apache.catalina.core.ApplicationFilterChain.doFilter(ApplicationFilterChain.java:162)
	at org.springframework.boot.actuate.metrics.web.servlet.WebMvcMetricsFilter.doFilterInternal(WebMvcMetricsFilter.java:96)
	at org.springframework.web.filter.OncePerRequestFilter.doFilter(OncePerRequestFilter.java:117)
	at org.apache.catalina.core.ApplicationFilterChain.internalDoFilter(ApplicationFilterChain.java:189)
	at org.apache.catalina.core.ApplicationFilterChain.doFilter(ApplicationFilterChain.java:162)
	at org.springframework.web.filter.CharacterEncodingFilter.doFilterInternal(CharacterEncodingFilter.java:201)
	at org.springframework.web.filter.OncePerRequestFilter.doFilter(OncePerRequestFilter.java:117)
	at org.apache.catalina.core.ApplicationFilterChain.internalDoFilter(ApplicationFilterChain.java:189)
	at org.apache.catalina.core.ApplicationFilterChain.doFilter(ApplicationFilterChain.java:162)
	at org.apache.catalina.core.StandardWrapperValve.invoke(StandardWrapperValve.java:197)
	at org.apache.catalina.core.StandardContextValve.invoke(StandardContextValve.java:97)
	at org.apache.catalina.authenticator.AuthenticatorBase.invoke(AuthenticatorBase.java:541)
	at org.apache.catalina.core.StandardHostValve.invoke(StandardHostValve.java:135)
	at org.apache.catalina.valves.ErrorReportValve.invoke(ErrorReportValve.java:92)
	at org.apache.catalina.core.StandardEngineValve.invoke(StandardEngineValve.java:78)
	at org.apache.catalina.connector.CoyoteAdapter.service(CoyoteAdapter.java:360)
	at org.apache.coyote.http11.Http11Processor.service(Http11Processor.java:399)
	at org.apache.coyote.AbstractProcessorLight.process(AbstractProcessorLight.java:65)
	at org.apache.coyote.AbstractProtocol$ConnectionHandler.process(AbstractProtocol.java:890)
	at org.apache.tomcat.util.net.NioEndpoint$SocketProcessor.doRun(NioEndpoint.java:1743)
	at org.apache.tomcat.util.net.SocketProcessorBase.run(SocketProcessorBase.java:49)
	at org.apache.tomcat.util.threads.ThreadPoolExecutor.runWorker(ThreadPoolExecutor.java:1191)
	at org.apache.tomcat.util.threads.ThreadPoolExecutor$Worker.run(ThreadPoolExecutor.java:659)
	at org.apache.tomcat.util.threads.TaskThread$WrappingRunnable.run(TaskThread.java:61)
	at java.base/java.lang.Thread.run(Thread.java:829)
2022-12-29 11:38:53,205 INFO com.marklogic.v1.controllers.ExploreDataController [http-nio-8080-exec-3] Forwarding the request to http://localhost:8080/api/explore/login
2022-12-29 11:38:53,225 INFO com.marklogic.v1.auth.AuthenticationFilter [http-nio-8080-exec-5] Created client for host: localhost
2022-12-29 11:38:53,244 ERROR com.marklogic.v1.exceptions.CustomExceptionHandler [http-nio-8080-exec-7] Local message: failed to POST at /explore-data/data-services/ml-exp-search/getUiConfig.sjs: Internal Server Error. Server Message: JS-JAVASCRIPT: Error running JavaScript request: SyntaxError: Unexpected token } . See the MarkLogic server error log for further detail.
com.marklogic.client.FailedRequestException: Local message: failed to POST at /explore-data/data-services/ml-exp-search/getUiConfig.sjs: Internal Server Error. Server Message: JS-JAVASCRIPT: Error running JavaScript request: SyntaxError: Unexpected token } . See the MarkLogic server error log for further detail.
	at com.marklogic.client.impl.OkHttpServices$CallRequestImpl.checkStatus(OkHttpServices.java:5757)
	at com.marklogic.client.impl.OkHttpServices$CallRequestImpl.executeRequest(OkHttpServices.java:5718)
	at com.marklogic.client.impl.OkHttpServices$CallRequestImpl.withDocumentResponse(OkHttpServices.java:5632)
	at com.marklogic.client.impl.BaseProxy$DBFunctionRequest.responseSingle(BaseProxy.java:904)
	at com.marklogic.v1.dataservices.ExploreDataService$1ExploreDataServiceImpl.getUiConfig(ExploreDataService.java:117)
	at com.marklogic.v1.dataservices.ExploreDataService$1ExploreDataServiceImpl.getUiConfig(ExploreDataService.java:111)
	at com.marklogic.v1.controllers.ExploreDataController.getUIConfig(ExploreDataController.java:89)
	at jdk.internal.reflect.GeneratedMethodAccessor61.invoke(Unknown Source)
	at java.base/jdk.internal.reflect.DelegatingMethodAccessorImpl.invoke(DelegatingMethodAccessorImpl.java:43)
	at java.base/java.lang.reflect.Method.invoke(Method.java:566)
	at org.springframework.web.method.support.InvocableHandlerMethod.doInvoke(InvocableHandlerMethod.java:205)
	at org.springframework.web.method.support.InvocableHandlerMethod.invokeForRequest(InvocableHandlerMethod.java:150)
	at org.springframework.web.servlet.mvc.method.annotation.ServletInvocableHandlerMethod.invokeAndHandle(ServletInvocableHandlerMethod.java:117)
	at org.springframework.web.servlet.mvc.method.annotation.RequestMappingHandlerAdapter.invokeHandlerMethod(RequestMappingHandlerAdapter.java:895)
	at org.springframework.web.servlet.mvc.method.annotation.RequestMappingHandlerAdapter.handleInternal(RequestMappingHandlerAdapter.java:808)
	at org.springframework.web.servlet.mvc.method.AbstractHandlerMethodAdapter.handle(AbstractHandlerMethodAdapter.java:87)
	at org.springframework.web.servlet.DispatcherServlet.doDispatch(DispatcherServlet.java:1067)
	at org.springframework.web.servlet.DispatcherServlet.doService(DispatcherServlet.java:963)
	at org.springframework.web.servlet.FrameworkServlet.processRequest(FrameworkServlet.java:1006)
	at org.springframework.web.servlet.FrameworkServlet.doGet(FrameworkServlet.java:898)
	at javax.servlet.http.HttpServlet.service(HttpServlet.java:655)
	at org.springframework.web.servlet.FrameworkServlet.service(FrameworkServlet.java:883)
	at javax.servlet.http.HttpServlet.service(HttpServlet.java:764)
	at org.apache.catalina.core.ApplicationFilterChain.internalDoFilter(ApplicationFilterChain.java:227)
	at org.apache.catalina.core.ApplicationFilterChain.doFilter(ApplicationFilterChain.java:162)
	at org.apache.tomcat.websocket.server.WsFilter.doFilter(WsFilter.java:53)
	at org.apache.catalina.core.ApplicationFilterChain.internalDoFilter(ApplicationFilterChain.java:189)
	at org.apache.catalina.core.ApplicationFilterChain.doFilter(ApplicationFilterChain.java:162)
	at org.springframework.web.filter.AbstractRequestLoggingFilter.doFilterInternal(AbstractRequestLoggingFilter.java:289)
	at org.springframework.web.filter.OncePerRequestFilter.doFilter(OncePerRequestFilter.java:117)
	at org.apache.catalina.core.ApplicationFilterChain.internalDoFilter(ApplicationFilterChain.java:189)
	at org.apache.catalina.core.ApplicationFilterChain.doFilter(ApplicationFilterChain.java:162)
	at org.springframework.security.web.FilterChainProxy$VirtualFilterChain.doFilter(FilterChainProxy.java:327)
	at org.springframework.security.web.access.intercept.FilterSecurityInterceptor.invoke(FilterSecurityInterceptor.java:115)
	at org.springframework.security.web.access.intercept.FilterSecurityInterceptor.doFilter(FilterSecurityInterceptor.java:81)
	at org.springframework.security.web.FilterChainProxy$VirtualFilterChain.doFilter(FilterChainProxy.java:336)
	at org.springframework.security.web.access.ExceptionTranslationFilter.doFilter(ExceptionTranslationFilter.java:122)
	at org.springframework.security.web.access.ExceptionTranslationFilter.doFilter(ExceptionTranslationFilter.java:116)
	at org.springframework.security.web.FilterChainProxy$VirtualFilterChain.doFilter(FilterChainProxy.java:336)
	at org.springframework.security.web.session.SessionManagementFilter.doFilter(SessionManagementFilter.java:126)
	at org.springframework.security.web.session.SessionManagementFilter.doFilter(SessionManagementFilter.java:81)
	at org.springframework.security.web.FilterChainProxy$VirtualFilterChain.doFilter(FilterChainProxy.java:336)
	at org.springframework.security.web.authentication.AnonymousAuthenticationFilter.doFilter(AnonymousAuthenticationFilter.java:109)
	at org.springframework.security.web.FilterChainProxy$VirtualFilterChain.doFilter(FilterChainProxy.java:336)
	at org.springframework.security.web.servletapi.SecurityContextHolderAwareRequestFilter.doFilter(SecurityContextHolderAwareRequestFilter.java:149)
	at org.springframework.security.web.FilterChainProxy$VirtualFilterChain.doFilter(FilterChainProxy.java:336)
	at org.springframework.security.web.savedrequest.RequestCacheAwareFilter.doFilter(RequestCacheAwareFilter.java:63)
	at org.springframework.security.web.FilterChainProxy$VirtualFilterChain.doFilter(FilterChainProxy.java:336)
	at org.springframework.security.web.authentication.AbstractAuthenticationProcessingFilter.doFilter(AbstractAuthenticationProcessingFilter.java:223)
	at org.springframework.security.web.authentication.AbstractAuthenticationProcessingFilter.doFilter(AbstractAuthenticationProcessingFilter.java:217)
	at org.springframework.security.web.FilterChainProxy$VirtualFilterChain.doFilter(FilterChainProxy.java:336)
	at org.springframework.security.web.authentication.logout.LogoutFilter.doFilter(LogoutFilter.java:103)
	at org.springframework.security.web.authentication.logout.LogoutFilter.doFilter(LogoutFilter.java:89)
	at org.springframework.security.web.FilterChainProxy$VirtualFilterChain.doFilter(FilterChainProxy.java:336)
	at org.springframework.security.web.header.HeaderWriterFilter.doHeadersAfter(HeaderWriterFilter.java:90)
	at org.springframework.security.web.header.HeaderWriterFilter.doFilterInternal(HeaderWriterFilter.java:75)
	at org.springframework.web.filter.OncePerRequestFilter.doFilter(OncePerRequestFilter.java:117)
	at org.springframework.security.web.FilterChainProxy$VirtualFilterChain.doFilter(FilterChainProxy.java:336)
	at org.springframework.security.web.context.SecurityContextPersistenceFilter.doFilter(SecurityContextPersistenceFilter.java:112)
	at org.springframework.security.web.context.SecurityContextPersistenceFilter.doFilter(SecurityContextPersistenceFilter.java:82)
	at org.springframework.security.web.FilterChainProxy$VirtualFilterChain.doFilter(FilterChainProxy.java:336)
	at org.springframework.security.web.context.request.async.WebAsyncManagerIntegrationFilter.doFilterInternal(WebAsyncManagerIntegrationFilter.java:55)
	at org.springframework.web.filter.OncePerRequestFilter.doFilter(OncePerRequestFilter.java:117)
	at org.springframework.security.web.FilterChainProxy$VirtualFilterChain.doFilter(FilterChainProxy.java:336)
	at org.springframework.security.web.session.DisableEncodeUrlFilter.doFilterInternal(DisableEncodeUrlFilter.java:42)
	at org.springframework.web.filter.OncePerRequestFilter.doFilter(OncePerRequestFilter.java:117)
	at org.springframework.security.web.FilterChainProxy$VirtualFilterChain.doFilter(FilterChainProxy.java:336)
	at org.springframework.security.web.FilterChainProxy.doFilterInternal(FilterChainProxy.java:211)
	at org.springframework.security.web.FilterChainProxy.doFilter(FilterChainProxy.java:183)
	at org.springframework.web.filter.DelegatingFilterProxy.invokeDelegate(DelegatingFilterProxy.java:354)
	at org.springframework.web.filter.DelegatingFilterProxy.doFilter(DelegatingFilterProxy.java:267)
	at org.apache.catalina.core.ApplicationFilterChain.internalDoFilter(ApplicationFilterChain.java:189)
	at org.apache.catalina.core.ApplicationFilterChain.doFilter(ApplicationFilterChain.java:162)
	at org.springframework.web.filter.RequestContextFilter.doFilterInternal(RequestContextFilter.java:100)
	at org.springframework.web.filter.OncePerRequestFilter.doFilter(OncePerRequestFilter.java:117)
	at org.apache.catalina.core.ApplicationFilterChain.internalDoFilter(ApplicationFilterChain.java:189)
	at org.apache.catalina.core.ApplicationFilterChain.doFilter(ApplicationFilterChain.java:162)
	at org.springframework.web.filter.FormContentFilter.doFilterInternal(FormContentFilter.java:93)
	at org.springframework.web.filter.OncePerRequestFilter.doFilter(OncePerRequestFilter.java:117)
	at org.apache.catalina.core.ApplicationFilterChain.internalDoFilter(ApplicationFilterChain.java:189)
	at org.apache.catalina.core.ApplicationFilterChain.doFilter(ApplicationFilterChain.java:162)
	at org.springframework.boot.actuate.metrics.web.servlet.WebMvcMetricsFilter.doFilterInternal(WebMvcMetricsFilter.java:96)
	at org.springframework.web.filter.OncePerRequestFilter.doFilter(OncePerRequestFilter.java:117)
	at org.apache.catalina.core.ApplicationFilterChain.internalDoFilter(ApplicationFilterChain.java:189)
	at org.apache.catalina.core.ApplicationFilterChain.doFilter(ApplicationFilterChain.java:162)
	at org.springframework.web.filter.CharacterEncodingFilter.doFilterInternal(CharacterEncodingFilter.java:201)
	at org.springframework.web.filter.OncePerRequestFilter.doFilter(OncePerRequestFilter.java:117)
	at org.apache.catalina.core.ApplicationFilterChain.internalDoFilter(ApplicationFilterChain.java:189)
	at org.apache.catalina.core.ApplicationFilterChain.doFilter(ApplicationFilterChain.java:162)
	at org.apache.catalina.core.StandardWrapperValve.invoke(StandardWrapperValve.java:197)
	at org.apache.catalina.core.StandardContextValve.invoke(StandardContextValve.java:97)
	at org.apache.catalina.authenticator.AuthenticatorBase.invoke(AuthenticatorBase.java:541)
	at org.apache.catalina.core.StandardHostValve.invoke(StandardHostValve.java:135)
	at org.apache.catalina.valves.ErrorReportValve.invoke(ErrorReportValve.java:92)
	at org.apache.catalina.core.StandardEngineValve.invoke(StandardEngineValve.java:78)
	at org.apache.catalina.connector.CoyoteAdapter.service(CoyoteAdapter.java:360)
	at org.apache.coyote.http11.Http11Processor.service(Http11Processor.java:399)
	at org.apache.coyote.AbstractProcessorLight.process(AbstractProcessorLight.java:65)
	at org.apache.coyote.AbstractProtocol$ConnectionHandler.process(AbstractProtocol.java:890)
	at org.apache.tomcat.util.net.NioEndpoint$SocketProcessor.doRun(NioEndpoint.java:1743)
	at org.apache.tomcat.util.net.SocketProcessorBase.run(SocketProcessorBase.java:49)
	at org.apache.tomcat.util.threads.ThreadPoolExecutor.runWorker(ThreadPoolExecutor.java:1191)
	at org.apache.tomcat.util.threads.ThreadPoolExecutor$Worker.run(ThreadPoolExecutor.java:659)
	at org.apache.tomcat.util.threads.TaskThread$WrappingRunnable.run(TaskThread.java:61)
	at java.base/java.lang.Thread.run(Thread.java:829)
2022-12-29 11:39:17,357 INFO com.marklogic.v1.controllers.ExploreDataController [http-nio-8080-exec-7] Forwarding the request to http://localhost:8080/api/explore/login
2022-12-29 11:39:17,382 INFO com.marklogic.v1.auth.AuthenticationFilter [http-nio-8080-exec-9] Created client for host: localhost
2022-12-29 11:40:02,755 INFO com.marklogic.v1.controllers.ExploreDataController [http-nio-8080-exec-4] Forwarding the request to http://localhost:8080/api/explore/login
2022-12-29 11:40:02,774 INFO com.marklogic.v1.auth.AuthenticationFilter [http-nio-8080-exec-5] Created client for host: localhost
2022-12-29 11:40:15,909 INFO com.marklogic.v1.controllers.ExploreDataController [http-nio-8080-exec-5] Forwarding the request to http://localhost:8080/api/explore/login
2022-12-29 11:40:15,952 INFO com.marklogic.v1.auth.AuthenticationFilter [http-nio-8080-exec-8] Created client for host: localhost
2022-12-29 11:40:29,326 INFO com.marklogic.v1.controllers.ExploreDataController [http-nio-8080-exec-2] Forwarding the request to http://localhost:8080/api/explore/login
2022-12-29 11:40:29,360 INFO com.marklogic.v1.auth.AuthenticationFilter [http-nio-8080-exec-9] Created client for host: localhost
2022-12-29 11:40:56,193 INFO com.marklogic.v1.controllers.ExploreDataController [http-nio-8080-exec-1] Forwarding the request to http://localhost:8080/api/explore/login
2022-12-29 11:40:56,229 INFO com.marklogic.v1.auth.AuthenticationFilter [http-nio-8080-exec-3] Created client for host: localhost
2022-12-29 11:41:26,037 INFO com.marklogic.v1.controllers.ExploreDataController [http-nio-8080-exec-9] Forwarding the request to http://localhost:8080/api/explore/login
2022-12-29 11:41:26,048 INFO com.marklogic.v1.auth.AuthenticationFilter [http-nio-8080-exec-3] Created client for host: localhost
2022-12-29 11:42:31,269 INFO com.marklogic.v1.controllers.ExploreDataController [http-nio-8080-exec-2] Forwarding the request to http://localhost:8080/api/explore/login
2022-12-29 11:42:31,297 INFO com.marklogic.v1.auth.AuthenticationFilter [http-nio-8080-exec-8] Created client for host: localhost
2022-12-29 11:42:53,881 INFO com.marklogic.v1.controllers.ExploreDataController [http-nio-8080-exec-3] Forwarding the request to http://localhost:8080/api/explore/login
2022-12-29 11:42:53,909 INFO com.marklogic.v1.auth.AuthenticationFilter [http-nio-8080-exec-9] Created client for host: localhost
2022-12-29 11:44:15,215 INFO com.marklogic.v1.controllers.ExploreDataController [http-nio-8080-exec-5] Forwarding the request to http://localhost:8080/api/explore/login
2022-12-29 11:44:15,229 INFO com.marklogic.v1.auth.AuthenticationFilter [http-nio-8080-exec-10] Created client for host: localhost
2022-12-29 11:48:49,743 INFO com.marklogic.v1.controllers.ExploreDataController [http-nio-8080-exec-10] Forwarding the request to http://localhost:8080/api/explore/login
2022-12-29 11:48:49,781 INFO com.marklogic.v1.auth.AuthenticationFilter [http-nio-8080-exec-4] Created client for host: localhost
2022-12-29 11:52:00,322 INFO com.marklogic.v1.controllers.ExploreDataController [http-nio-8080-exec-5] Forwarding the request to http://localhost:8080/api/explore/login
2022-12-29 11:52:00,337 INFO com.marklogic.v1.auth.AuthenticationFilter [http-nio-8080-exec-8] Created client for host: localhost
2022-12-29 13:23:56,836 INFO com.marklogic.v1.controllers.ExploreDataController [http-nio-8080-exec-4] Forwarding the request to http://localhost:8080/api/explore/login
2022-12-29 13:23:56,881 INFO com.marklogic.v1.auth.AuthenticationFilter [http-nio-8080-exec-9] Created client for host: localhost
